Sloth Firmware v2.0
v2.0
Sloth Firmware v2.0
v2.0
Calibrating sensors...Done.
-,-,0.00,0.00
-,-,0.00,0.00
-,-,0.00,0.00
-,-,0.00,0.00
-,-,0.00,0.00
-,-,0.00,0.00
-,-,0.00,0.00
-,-,0.00,0.00
-,-,0.00,0.00
-,-,0.00,0.00
-,-,0.00,0.00
-,-,0.00,0.00
-,-,0.00,0.00
-,-,0.00,0.00
-,-,0.00,0.00
-,-,0.00,0.00
-,-,0.00,0.00
-,-,0.00,0.00
-,-,0.00,0.00
-,-,0.00,0.00
-,-,0.00,0.00
-,-,0.00,0.00
-,-,0.00,0.00
-,-,0.00,0.00
-,-,0.00,0.00
-,-,0.00,0.00
-,-,0.00,0.00
-,-,0.00,0.00
-,-,0.00,0.00
-,-,0.00,0.00
-,-,0.00,0.00
-,-,0.00,0.00
-,-,0.00,0.00
-,-,0.00,0.00
-,-,0.00,0.00
-,-,0.00,0.00
-,-,0.00,0.00
-,-,0.00,0.00
-,-,0.00,0.00
-,-,0.00,0.00
-,-,0.00,0.00
-,-,0.00,0.00
-,-,0.00,0.00
-,-,0.00,0.00
-,-,0.00,0.00
-,-,0.00,0.00
-,-,0.00,0.00
-,-,0.00,0.00
-,-,0.00,0.00
-,-,0.00,0.00
-,-,0.00,0.00
-,-,0.00,0.00
-,-,0.00,0.00
-,-,0.00,0.00
-,-,0.00,0.00
-,-,0.00,0.00
-,-,0.00,0.00
-,-,0.00,0.00
-,-,0.00,0.00
-,-,0.00,0.00
-,-,0.00,0.00
-,-,0.00,0.00
-,-,0.00,0.00
-,-,0.00,0.00
-,-,0.00,0.00
-,-,0.00,0.00
-,-,0.00,0.00
-,-,0.00,0.00
-,-,0.00,0.00
-,-,0.00,0.00
-,-,0.00,0.00
-,-,0.00,0.00
-,-,0.00,0.00
-,-,0.00,0.00
-,-,0.00,0.00
-,-,0.00,0.00
-,-,0.00,0.00
-,-,0.00,0.00
-,-,0.00,0.00
-,-,0.00,0.00
-,-,0.00,0.00
-,-,0.00,0.00
-,-,0.00,0.00
-,-,0.00,0.00
-,-,0.00,0.00
-,-,0.00,0.00
-,-,0.00,0.00
-,-,0.00,0.00
-,-,0.00,0.00
-,-,0.00,0.00
R,1,0.00,0.00
-,-,0.01,0.01
-,-,0.02,0.02
-,-,0.02,0.03
-,-,0.03,0.03
-,-,0.04,0.04
-,-,0.04,0.05
-,-,0.05,0.06
-,-,0.06,0.06
-,-,0.07,0.07
-,-,0.07,0.08
-,-,0.08,0.09
-,-,0.09,0.09
-,-,0.10,0.10
-,-,0.10,0.11
-,-,0.11,0.12
-,-,0.12,0.12
-,-,0.13,0.13
-,-,0.14,0.14
-,-,0.14,0.15
-,-,0.15,0.15
-,-,0.16,0.16
-,-,0.17,0.17
-,-,0.18,0.18
-,-,0.19,0.18
-,-,0.19,0.19
-,-,0.20,0.20
-,-,0.21,0.20
-,-,0.22,0.21
-,-,0.22,0.22
-,-,0.23,0.23
-,-,0.24,0.24
-,-,0.25,0.24
-,-,0.25,0.25
-,-,0.26,0.26
-,-,0.27,0.27
-,-,0.27,0.27
-,-,0.28,0.28
-,-,0.29,0.29
-,-,0.29,0.30
-,-,0.30,0.31
-,-,0.31,0.31
-,-,0.32,0.32
-,-,0.33,0.33
-,-,0.33,0.34
-,-,0.34,0.34
-,-,0.35,0.35
-,-,0.36,0.36
-,-,0.36,0.37
-,-,0.37,0.37
-,-,0.38,0.38
-,-,0.39,0.39
-,-,0.40,0.40
L,1,0.41,0.40
-,-,0.42,0.41
-,-,0.42,0.42
-,-,0.43,0.42
-,-,0.44,0.43
-,-,0.45,0.44
-,-,0.46,0.44
-,-,0.47,0.45
-,-,0.48,0.45
-,-,0.49,0.46
-,-,0.50,0.46
-,-,0.51,0.47
-,-,0.52,0.47
-,-,0.53,0.48
-,-,0.54,0.48
-,-,0.56,0.48
-,-,0.57,0.49
-,-,0.58,0.49
-,-,0.59,0.49
-,-,0.60,0.49
-,-,0.62,0.49
-,-,0.63,0.50
-,-,0.64,0.50
-,-,0.66,0.50
-,-,0.67,0.50
-,-,0.68,0.50
-,-,0.69,0.51
-,-,0.70,0.51
-,-,0.71,0.51
-,-,0.72,0.52
-,-,0.73,0.53
-,-,0.73,0.54
-,-,0.74,0.55
-,-,0.74,0.55
-,-,0.74,0.56
R,2,0.75,0.57
-,-,0.75,0.58
-,-,0.75,0.59
-,-,0.75,0.60
-,-,0.76,0.62
-,-,0.76,0.63
-,-,0.76,0.64
-,-,0.77,0.65
-,-,0.77,0.66
-,-,0.77,0.66
-,-,0.78,0.67
-,-,0.78,0.68
-,-,0.79,0.69
-,-,0.80,0.69
-,-,0.81,0.70
-,-,0.82,0.71
-,-,0.82,0.72
-,-,0.83,0.73
-,-,0.83,0.74
-,-,0.83,0.75
L,2,0.84,0.77
-,-,0.85,0.78
-,-,0.86,0.80
-,-,0.87,0.81
-,-,0.88,0.81
-,-,0.89,0.82
-,-,0.90,0.83
-,-,0.92,0.83
-,-,0.93,0.84
-,-,0.94,0.84
-,-,0.95,0.85
-,-,0.96,0.85
-,-,0.97,0.85
-,-,0.98,0.86
-,-,1.00,0.86
-,-,1.01,0.87
-,-,1.02,0.87
-,-,1.03,0.88
-,-,1.05,0.88
-,-,1.07,0.89
R,3,1.09,0.89
-,-,1.10,0.89
-,-,1.12,0.90
-,-,1.14,0.90
-,-,1.16,0.90
-,-,1.18,0.91
-,-,1.20,0.92
L,3,1.22,0.93
-,-,1.24,0.95
-,-,1.25,0.96
-,-,1.27,0.98
-,-,1.29,1.00
-,-,1.30,1.02
-,-,1.32,1.03
-,-,1.34,1.05
-,-,1.35,1.06
R,4,1.38,1.08
-,-,1.39,1.10
-,-,1.41,1.12
-,-,1.43,1.14
-,-,1.45,1.16
-,-,1.47,1.18
-,-,1.49,1.19
-,-,1.51,1.21
-,-,1.53,1.23
-,-,1.55,1.25
-,-,1.57,1.27
-,-,1.59,1.29
-,-,1.61,1.31
-,-,1.63,1.33
-,-,1.65,1.35
-,-,1.67,1.37
-,-,1.69,1.39
-,-,1.71,1.41
-,-,1.73,1.43
-,-,1.75,1.45
-,-,1.77,1.47
-,-,1.79,1.49
-,-,1.81,1.51
-,-,1.83,1.54
-,-,1.85,1.56
-,-,1.87,1.57
-,-,1.89,1.59
-,-,1.91,1.62
-,-,1.93,1.64
-,-,1.95,1.66
-,-,1.97,1.68
-,-,1.99,1.70
-,-,2.01,1.72
-,-,2.03,1.74
-,-,2.05,1.76
-,-,2.07,1.78
-,-,2.09,1.80
-,-,2.11,1.82
-,-,2.13,1.84
-,-,2.15,1.86
-,-,2.17,1.88
-,-,2.19,1.89
-,-,2.21,1.92
-,-,2.23,1.93
L,4,2.25,1.95
-,-,2.27,1.97
-,-,2.29,1.99
-,-,2.31,2.01
-,-,2.33,2.03
-,-,2.35,2.05
-,-,2.37,2.08
-,-,2.39,2.10
-,-,2.41,2.11
-,-,2.43,2.14
-,-,2.45,2.16
-,-,2.47,2.17
-,-,2.49,2.19
-,-,2.51,2.21
-,-,2.53,2.23
-,-,2.55,2.25
-,-,2.57,2.27
-,-,2.59,2.29
L,5,2.61,2.31
-,-,2.62,2.33
-,-,2.63,2.35
-,-,2.64,2.38
-,-,2.65,2.40
-,-,2.65,2.42
-,-,2.66,2.44
-,-,2.66,2.46
-,-,2.67,2.48
-,-,2.68,2.49
-,-,2.69,2.51
-,-,2.69,2.53
-,-,2.69,2.55
-,-,2.69,2.57
-,-,2.69,2.59
-,-,2.69,2.61
-,-,2.69,2.64
-,-,2.69,2.66
-,-,2.69,2.68
-,-,2.69,2.71
-,-,2.69,2.73
-,-,2.69,2.75
-,-,2.69,2.78
-,-,2.69,2.80
-,-,2.69,2.82
-,-,2.69,2.85
-,-,2.69,2.87
-,-,2.69,2.89
-,-,2.69,2.92
-,-,2.69,2.94
-,-,2.69,2.97
-,-,2.69,2.99
-,-,2.69,3.01
-,-,2.69,3.04
-,-,2.69,3.06
-,-,2.69,3.09
-,-,2.69,3.11
-,-,2.69,3.14
-,-,2.69,3.16
-,-,2.69,3.18
-,-,2.69,3.21
-,-,2.69,3.23
-,-,2.69,3.26
-,-,2.69,3.28
-,-,2.69,3.30
-,-,2.69,3.33
-,-,2.69,3.35
-,-,2.69,3.38
-,-,2.69,3.40
-,-,2.69,3.42
-,-,2.69,3.45
-,-,2.69,3.47
-,-,2.69,3.50
-,-,2.69,3.52
-,-,2.69,3.54
-,-,2.69,3.57
-,-,2.69,3.59
-,-,2.69,3.62
-,-,2.69,3.64
-,-,2.69,3.67
-,-,2.69,3.69
-,-,2.69,3.71
-,-,2.69,3.74
-,-,2.69,3.76
-,-,2.69,3.79
-,-,2.69,3.81
-,-,2.69,3.83
-,-,2.69,3.86
-,-,2.69,3.88
-,-,2.69,3.91
-,-,2.69,3.93
-,-,2.69,3.95
-,-,2.69,3.98
-,-,2.69,4.00
-,-,2.69,4.03
-,-,2.69,4.05
-,-,2.69,4.08
-,-,2.69,4.10
-,-,2.69,4.12
-,-,2.69,4.15
-,-,2.69,4.17
-,-,2.69,4.20
-,-,2.69,4.22
-,-,2.69,4.24
-,-,2.69,4.27
-,-,2.69,4.29
-,-,2.69,4.32
-,-,2.69,4.34
-,-,2.69,4.37
-,-,2.69,4.39
-,-,2.69,4.41
-,-,2.69,4.44
-,-,2.69,4.46
-,-,2.69,4.49
-,-,2.69,4.51
-,-,2.69,4.53
-,-,2.69,4.56
-,-,2.69,4.58
-,-,2.69,4.61
-,-,2.69,4.63
-,-,2.69,4.66
-,-,2.69,4.68
-,-,2.69,4.70
-,-,2.69,4.73
-,-,2.69,4.75
-,-,2.69,4.77
-,-,2.69,4.80
-,-,2.69,4.82
-,-,2.69,4.85
-,-,2.69,4.87
-,-,2.69,4.90
-,-,2.69,4.92
-,-,2.69,4.94
-,-,2.69,4.97
-,-,2.69,4.99
-,-,2.69,5.01
-,-,2.69,5.04
-,-,2.69,5.06
-,-,2.69,5.09
-,-,2.69,5.11
-,-,2.69,5.13
-,-,2.69,5.16
-,-,2.69,5.18
-,-,2.69,5.20
-,-,2.69,5.23
-,-,2.69,5.25
-,-,2.69,5.28
-,-,2.69,5.30
-,-,2.69,5.32
-,-,2.69,5.35
-,-,2.69,5.37
-,-,2.69,5.39
-,-,2.69,5.42
-,-,2.69,5.44
-,-,2.69,5.47
-,-,2.69,5.49
-,-,2.69,5.52
-,-,2.69,5.54
-,-,2.69,5.56
-,-,2.69,5.59
-,-,2.69,5.61
-,-,2.69,5.63
-,-,2.69,5.66
-,-,2.69,5.68
-,-,2.69,5.71
-,-,2.69,5.73
-,-,2.69,5.75
-,-,2.69,5.78
-,-,2.69,5.80
-,-,2.69,5.83
-,-,2.69,5.85
-,-,2.69,5.87
-,-,2.69,5.90
-,-,2.69,5.92
-,-,2.69,5.95
-,-,2.69,5.97
-,-,2.69,5.99
-,-,2.69,6.02
Sloth Firmware v2.0
v2.0
Calibrating sensors...Done.
-,-,0.00,0.00
-,-,0.00,0.00
-,-,0.00,0.00
-,-,0.00,0.00
-,-,0.00,0.00
-,-,0.00,0.00
-,-,0.00,0.00
-,-,0.00,0.00
-,-,0.00,0.00
-,-,0.00,0.00
-,-,0.00,0.00
-,-,0.00,0.00
-,-,0.00,0.00
-,-,0.00,0.00
-,-,0.00,0.00
-,-,0.00,0.00
-,-,0.00,0.00
-,-,0.00,0.00
-,-,0.00,0.00
-,-,0.00,0.00
-,-,0.00,0.00
-,-,0.00,0.00
-,-,0.00,0.00
-,-,0.00,0.00
-,-,0.00,0.00
-,-,0.00,0.00
-,-,0.00,0.00
-,-,0.00,0.00
-,-,0.00,0.00
-,-,0.00,0.00
-,-,0.00,0.00
-,-,0.00,0.00
-,-,0.00,0.00
-,-,0.00,0.00
-,-,0.00,0.00
-,-,0.00,0.00
-,-,0.00,0.00
-,-,0.00,0.00
-,-,0.00,0.00
-,-,0.00,0.00
-,-,0.00,0.00
-,-,0.00,0.00
-,-,0.00,0.00
-,-,0.00,0.00
-,-,0.00,0.00
-,-,0.00,0.00
-,-,0.00,0.00
-,-,0.00,0.00
-,-,0.00,0.00
-,-,0.00,0.00
-,-,0.00,0.00
-,-,0.00,0.00
-,-,0.00,0.00
-,-,0.00,0.00
-,-,0.00,0.00
-,-,0.00,0.00
-,-,0.00,0.00
-,-,0.00,0.00
-,-,0.00,0.00
-,-,0.00,0.00
-,-,0.00,0.00
-,-,0.00,0.00
-,-,0.00,0.00
-,-,0.00,0.00
-,-,0.00,0.00
-,-,0.00,0.00
-,-,0.00,0.00
-,-,0.00,0.00
-,-,0.00,0.00
-,-,0.00,0.00
-,-,0.00,0.00
-,-,0.00,0.00
-,-,0.00,0.00
-,-,0.00,0.00
-,-,0.00,0.00
-,-,0.00,0.00
-,-,0.00,0.00
-,-,0.00,0.00
-,-,0.00,0.00
-,-,0.00,0.00
-,-,0.00,0.00
-,-,0.00,0.00
-,-,0.00,0.00
-,-,0.00,0.00
-,-,0.00,0.00
-,-,0.00,0.00
-,-,0.00,0.00
-,-,0.00,0.00
-,-,0.00,0.00
R,1,0.01,0.00
-,-,0.01,0.01
-,-,0.02,0.02
-,-,0.03,0.03
-,-,0.03,0.03
-,-,0.04,0.04
-,-,0.05,0.05
-,-,0.06,0.06
-,-,0.06,0.07
-,-,0.07,0.07
-,-,0.08,0.08
-,-,0.09,0.09
-,-,0.09,0.10
-,-,0.10,0.11
-,-,0.11,0.11
-,-,0.12,0.12
-,-,0.13,0.13
-,-,0.13,0.14
-,-,0.14,0.15
-,-,0.15,0.16
-,-,0.16,0.17
-,-,0.17,0.18
-,-,0.18,0.19
-,-,0.20,0.20
-,-,0.21,0.21
-,-,0.22,0.22
-,-,0.22,0.23
-,-,0.24,0.24
-,-,0.24,0.25
-,-,0.25,0.26
-,-,0.26,0.26
-,-,0.27,0.27
-,-,0.28,0.28
-,-,0.29,0.29
-,-,0.30,0.30
-,-,0.31,0.31
-,-,0.32,0.32
-,-,0.33,0.33
-,-,0.34,0.34
-,-,0.35,0.35
-,-,0.36,0.35
-,-,0.37,0.36
-,-,0.38,0.37
-,-,0.39,0.38
-,-,0.40,0.39
L,1,0.41,0.40
-,-,0.42,0.40
-,-,0.43,0.41
-,-,0.44,0.42
-,-,0.45,0.42
-,-,0.46,0.43
-,-,0.47,0.43
-,-,0.48,0.44
-,-,0.50,0.44
-,-,0.51,0.45
-,-,0.52,0.45
-,-,0.53,0.46
-,-,0.54,0.46
-,-,0.55,0.47
-,-,0.57,0.47
-,-,0.58,0.47
-,-,0.59,0.48
-,-,0.60,0.48
-,-,0.62,0.48
-,-,0.63,0.48
-,-,0.65,0.49
-,-,0.66,0.49
-,-,0.67,0.49
-,-,0.69,0.49
-,-,0.70,0.49
-,-,0.71,0.50
-,-,0.73,0.50
-,-,0.74,0.50
-,-,0.75,0.50
-,-,0.77,0.50
-,-,0.78,0.51
-,-,0.79,0.51
-,-,0.80,0.51
-,-,0.81,0.52
-,-,0.83,0.52
-,-,0.84,0.52
-,-,0.85,0.52
-,-,0.86,0.53
-,-,0.87,0.53
-,-,0.88,0.54
-,-,0.89,0.54
-,-,0.90,0.55
-,-,0.91,0.55
-,-,0.92,0.56
-,-,0.93,0.56
-,-,0.94,0.57
-,-,0.95,0.57
L,2,0.96,0.58
-,-,0.97,0.58
-,-,0.98,0.59
-,-,0.99,0.59
-,-,1.00,0.60
-,-,1.01,0.61
-,-,1.01,0.61
-,-,1.02,0.62
-,-,1.03,0.63
-,-,1.04,0.64
-,-,1.04,0.64
-,-,1.05,0.65
-,-,1.06,0.66
-,-,1.07,0.66
-,-,1.08,0.67
-,-,1.08,0.68
-,-,1.09,0.69
-,-,1.10,0.70
-,-,1.11,0.71
-,-,1.12,0.72
-,-,1.13,0.73
-,-,1.14,0.74
-,-,1.15,0.75
-,-,1.16,0.75
-,-,1.17,0.77
-,-,1.18,0.77
-,-,1.19,0.78
-,-,1.19,0.79
-,-,1.20,0.80
-,-,1.21,0.81
-,-,1.22,0.82
-,-,1.23,0.83
-,-,1.24,0.84
-,-,1.25,0.85
L,3,1.25,0.86
-,-,1.26,0.86
-,-,1.27,0.87
-,-,1.28,0.88
-,-,1.29,0.89
-,-,1.30,0.90
-,-,1.31,0.91
-,-,1.32,0.92
-,-,1.33,0.92
-,-,1.34,0.93
-,-,1.34,0.94
-,-,1.35,0.95
-,-,1.36,0.96
-,-,1.37,0.96
-,-,1.38,0.97
-,-,1.39,0.98
-,-,1.39,0.99
-,-,1.40,1.00
-,-,1.41,1.01
-,-,1.42,1.01
-,-,1.43,1.02
-,-,1.44,1.03
-,-,1.44,1.04
-,-,1.45,1.05
-,-,1.46,1.05
-,-,1.47,1.06
-,-,1.48,1.07
-,-,1.48,1.08
-,-,1.49,1.08
-,-,1.50,1.09
-,-,1.51,1.10
-,-,1.52,1.11
-,-,1.52,1.11
-,-,1.53,1.12
-,-,1.54,1.13
-,-,1.55,1.14
-,-,1.55,1.15
-,-,1.56,1.15
-,-,1.57,1.16
-,-,1.58,1.17
-,-,1.59,1.18
-,-,1.59,1.18
-,-,1.61,1.19
-,-,1.61,1.20
-,-,1.62,1.21
-,-,1.64,1.22
-,-,1.65,1.23
-,-,1.66,1.24
-,-,1.67,1.25
-,-,1.68,1.26
-,-,1.69,1.27
-,-,1.70,1.28
-,-,1.71,1.29
-,-,1.72,1.31
-,-,1.72,1.31
-,-,1.73,1.32
-,-,1.74,1.33
-,-,1.75,1.34
-,-,1.76,1.35
-,-,1.77,1.36
-,-,1.78,1.38
-,-,1.79,1.39
-,-,1.80,1.40
-,-,1.81,1.41
-,-,1.82,1.42
-,-,1.83,1.43
-,-,1.85,1.44
-,-,1.86,1.45
-,-,1.87,1.46
-,-,1.88,1.47
-,-,1.89,1.48
-,-,1.90,1.49
-,-,1.91,1.50
-,-,1.92,1.51
-,-,1.93,1.52
-,-,1.94,1.53
-,-,1.95,1.54
-,-,1.96,1.55
-,-,1.97,1.56
-,-,1.98,1.57
-,-,1.99,1.58
-,-,2.00,1.59
-,-,2.01,1.60
-,-,2.02,1.61
-,-,2.03,1.62
-,-,2.04,1.63
-,-,2.05,1.64
-,-,2.06,1.64
-,-,2.07,1.65
-,-,2.08,1.66
-,-,2.09,1.67
-,-,2.10,1.68
-,-,2.11,1.69
-,-,2.11,1.70
-,-,2.12,1.71
-,-,2.13,1.72
-,-,2.14,1.73
-,-,2.15,1.73
-,-,2.16,1.74
-,-,2.17,1.75
-,-,2.18,1.76
L,4,2.19,1.77
-,-,2.19,1.78
-,-,2.20,1.79
-,-,2.21,1.79
-,-,2.22,1.80
-,-,2.23,1.81
-,-,2.24,1.82
-,-,2.25,1.82
-,-,2.26,1.83
-,-,2.27,1.84
-,-,2.28,1.85
-,-,2.29,1.85
-,-,2.30,1.86
-,-,2.31,1.86
-,-,2.32,1.87
-,-,2.33,1.88
-,-,2.34,1.88
-,-,2.35,1.89
-,-,2.36,1.90
-,-,2.37,1.90
-,-,2.38,1.91
-,-,2.39,1.92
-,-,2.40,1.93
-,-,2.41,1.93
-,-,2.41,1.94
-,-,2.42,1.95
-,-,2.43,1.95
-,-,2.44,1.96
-,-,2.45,1.97
-,-,2.46,1.98
-,-,2.47,1.98
-,-,2.48,1.99
-,-,2.49,2.00
-,-,2.50,2.01
-,-,2.51,2.01
-,-,2.52,2.02
-,-,2.53,2.03
-,-,2.54,2.03
-,-,2.54,2.04
-,-,2.55,2.05
-,-,2.56,2.06
-,-,2.57,2.07
-,-,2.58,2.07
-,-,2.59,2.08
-,-,2.60,2.09
-,-,2.61,2.10
-,-,2.62,2.10
-,-,2.63,2.11
-,-,2.64,2.12
-,-,2.65,2.13
-,-,2.66,2.14
-,-,2.67,2.15
-,-,2.68,2.16
-,-,2.69,2.17
-,-,2.70,2.18
-,-,2.71,2.19
-,-,2.72,2.20
-,-,2.73,2.21
-,-,2.74,2.21
-,-,2.76,2.22
-,-,2.77,2.23
-,-,2.77,2.24
-,-,2.78,2.25
-,-,2.79,2.26
-,-,2.80,2.26
-,-,2.81,2.27
-,-,2.83,2.28
-,-,2.84,2.28
-,-,2.85,2.29
-,-,2.86,2.30
-,-,2.87,2.30
-,-,2.88,2.31
-,-,2.89,2.32
-,-,2.90,2.32
-,-,2.91,2.33
-,-,2.92,2.33
-,-,2.93,2.34
-,-,2.94,2.35
-,-,2.95,2.35
-,-,2.95,2.36
-,-,2.96,2.37
-,-,2.97,2.38
-,-,2.98,2.38
-,-,2.99,2.39
-,-,3.00,2.40
-,-,3.01,2.41
-,-,3.02,2.42
-,-,3.03,2.43
-,-,3.04,2.44
-,-,3.05,2.44
-,-,3.06,2.45
-,-,3.07,2.46
-,-,3.08,2.47
-,-,3.09,2.48
-,-,3.10,2.48
-,-,3.10,2.49
-,-,3.11,2.50
-,-,3.12,2.50
-,-,3.14,2.51
-,-,3.15,2.52
-,-,3.15,2.53
-,-,3.16,2.53
-,-,3.17,2.54
-,-,3.18,2.55
-,-,3.19,2.55
-,-,3.20,2.56
-,-,3.21,2.57
-,-,3.22,2.57
-,-,3.23,2.58
-,-,3.24,2.59
-,-,3.24,2.60
-,-,3.25,2.60
-,-,3.26,2.61
-,-,3.27,2.62
-,-,3.28,2.62
-,-,3.29,2.63
-,-,3.30,2.64
-,-,3.31,2.64
-,-,3.32,2.65
-,-,3.33,2.65
-,-,3.33,2.66
-,-,3.34,2.67
-,-,3.35,2.68
-,-,3.36,2.68
-,-,3.37,2.69
-,-,3.38,2.70
-,-,3.38,2.70
-,-,3.39,2.71
-,-,3.40,2.72
-,-,3.41,2.72
-,-,3.42,2.73
-,-,3.43,2.74
-,-,3.44,2.74
-,-,3.45,2.75
-,-,3.46,2.76
-,-,3.46,2.77
-,-,3.47,2.77
-,-,3.48,2.78
-,-,3.49,2.79
-,-,3.50,2.79
-,-,3.51,2.80
-,-,3.52,2.81
-,-,3.52,2.81
-,-,3.53,2.82
-,-,3.54,2.83
-,-,3.55,2.83
-,-,3.56,2.84
-,-,3.56,2.85
-,-,3.57,2.85
-,-,3.58,2.86
-,-,3.59,2.87
-,-,3.60,2.87
-,-,3.61,2.88
-,-,3.61,2.89
-,-,3.62,2.89
-,-,3.63,2.90
-,-,3.64,2.90
-,-,3.65,2.91
-,-,3.66,2.91
-,-,3.67,2.92
-,-,3.68,2.92
-,-,3.69,2.93
-,-,3.70,2.93
-,-,3.71,2.94
-,-,3.72,2.94
-,-,3.73,2.95
-,-,3.73,2.95
-,-,3.75,2.96
-,-,3.75,2.97
-,-,3.76,2.97
-,-,3.77,2.98
-,-,3.78,2.99
-,-,3.78,2.99
-,-,3.79,3.00
-,-,3.80,3.01
-,-,3.81,3.01
-,-,3.82,3.02
-,-,3.82,3.03
-,-,3.83,3.03
-,-,3.84,3.04
-,-,3.85,3.04
-,-,3.85,3.05
-,-,3.86,3.06
-,-,3.87,3.07
-,-,3.88,3.07
-,-,3.89,3.08
-,-,3.90,3.09
-,-,3.91,3.09
-,-,3.91,3.10
-,-,3.92,3.11
-,-,3.93,3.11
-,-,3.94,3.12
-,-,3.95,3.13
-,-,3.95,3.14
L,5,3.96,3.14
-,-,3.97,3.15
-,-,3.98,3.16
-,-,3.99,3.17
-,-,4.00,3.17
-,-,4.00,3.18
-,-,4.01,3.19
-,-,4.02,3.20
-,-,4.03,3.21
-,-,4.04,3.21
-,-,4.05,3.22
-,-,4.05,3.23
-,-,4.06,3.24
-,-,4.07,3.25
-,-,4.08,3.26
-,-,4.09,3.27
-,-,4.10,3.28
-,-,4.11,3.29
-,-,4.13,3.30
-,-,4.13,3.31
-,-,4.14,3.32
-,-,4.15,3.33
-,-,4.16,3.34
-,-,4.17,3.35
-,-,4.18,3.36
-,-,4.20,3.37
-,-,4.21,3.38
-,-,4.21,3.39
-,-,4.22,3.40
-,-,4.23,3.41
-,-,4.24,3.42
-,-,4.25,3.42
-,-,4.26,3.44
-,-,4.27,3.44
-,-,4.28,3.45
-,-,4.29,3.46
-,-,4.30,3.47
-,-,4.31,3.48
-,-,4.32,3.49
-,-,4.33,3.50
-,-,4.34,3.50
-,-,4.35,3.51
-,-,4.36,3.52
-,-,4.37,3.53
-,-,4.38,3.54
-,-,4.39,3.55
-,-,4.40,3.56
L,6,4.41,3.57
-,-,4.42,3.58
-,-,4.43,3.59
-,-,4.44,3.60
-,-,4.46,3.60
-,-,4.47,3.61
-,-,4.48,3.62
-,-,4.49,3.63
-,-,4.50,3.63
-,-,4.51,3.64
-,-,4.53,3.65
-,-,4.54,3.65
-,-,4.55,3.65
-,-,4.56,3.66
-,-,4.58,3.66
-,-,4.59,3.67
-,-,4.60,3.67
-,-,4.62,3.67
-,-,4.63,3.68
-,-,4.64,3.68
-,-,4.66,3.68
-,-,4.67,3.68
-,-,4.69,3.69
-,-,4.70,3.69
-,-,4.71,3.69
-,-,4.73,3.69
-,-,4.74,3.69
-,-,4.75,3.70
-,-,4.77,3.70
-,-,4.78,3.70
-,-,4.79,3.70
-,-,4.81,3.70
-,-,4.82,3.70
-,-,4.83,3.70
-,-,4.85,3.71
-,-,4.86,3.71
-,-,4.87,3.71
-,-,4.88,3.72
-,-,4.89,3.72
-,-,4.90,3.73
-,-,4.91,3.73
-,-,4.92,3.74
-,-,4.93,3.75
-,-,4.94,3.75
-,-,4.95,3.76
-,-,4.96,3.77
-,-,4.97,3.77
-,-,4.98,3.78
-,-,4.99,3.79
-,-,5.00,3.79
-,-,5.01,3.80
-,-,5.02,3.80
-,-,5.03,3.81
L,7,5.04,3.82
-,-,5.05,3.83
-,-,5.06,3.83
-,-,5.07,3.84
-,-,5.08,3.85
-,-,5.09,3.86
-,-,5.10,3.87
-,-,5.11,3.87
-,-,5.12,3.88
-,-,5.13,3.89
-,-,5.14,3.90
-,-,5.15,3.91
-,-,5.15,3.92
-,-,5.16,3.93
-,-,5.17,3.94
-,-,5.19,3.95
-,-,5.20,3.96
-,-,5.21,3.97
-,-,5.22,3.98
-,-,5.23,3.99
-,-,5.24,4.00
-,-,5.25,4.01
-,-,5.27,4.02
-,-,5.28,4.04
-,-,5.29,4.05
-,-,5.30,4.06
-,-,5.32,4.08
-,-,5.33,4.09
-,-,5.34,4.10
-,-,5.35,4.11
-,-,5.37,4.12
-,-,5.38,4.14
-,-,5.39,4.15
-,-,5.40,4.16
-,-,5.42,4.17
-,-,5.43,4.18
L,8,5.44,4.19
-,-,5.45,4.20
-,-,5.46,4.21
-,-,5.47,4.23
-,-,5.48,4.24
-,-,5.49,4.25
-,-,5.50,4.26
-,-,5.51,4.28
-,-,5.52,4.29
-,-,5.53,4.30
-,-,5.54,4.32
-,-,5.54,4.33
-,-,5.55,4.34
-,-,5.56,4.35
-,-,5.56,4.37
-,-,5.57,4.38
-,-,5.58,4.39
-,-,5.58,4.40
-,-,5.59,4.41
-,-,5.60,4.43
-,-,5.60,4.44
-,-,5.61,4.45
-,-,5.61,4.46
-,-,5.62,4.47
-,-,5.62,4.48
-,-,5.63,4.49
-,-,5.64,4.50
-,-,5.64,4.52
-,-,5.65,4.53
-,-,5.66,4.54
-,-,5.67,4.55
-,-,5.68,4.56
-,-,5.69,4.57
-,-,5.69,4.58
-,-,5.70,4.59
-,-,5.71,4.60
-,-,5.72,4.61
-,-,5.73,4.62
-,-,5.74,4.63
-,-,5.74,4.63
-,-,5.75,4.64
-,-,5.76,4.65
-,-,5.77,4.66
-,-,5.77,4.67
-,-,5.78,4.68
-,-,5.79,4.69
-,-,5.80,4.70
-,-,5.80,4.71
-,-,5.81,4.72
-,-,5.82,4.73
-,-,5.82,4.74
-,-,5.83,4.75
-,-,5.83,4.76
-,-,5.84,4.77
-,-,5.84,4.78
-,-,5.85,4.79
-,-,5.85,4.80
-,-,5.86,4.81
-,-,5.87,4.82
-,-,5.87,4.83
-,-,5.88,4.84
-,-,5.88,4.85
-,-,5.89,4.85
-,-,5.90,4.86
-,-,5.90,4.87
-,-,5.91,4.88
-,-,5.91,4.89
-,-,5.92,4.90
-,-,5.93,4.91
-,-,5.93,4.92
-,-,5.94,4.93
-,-,5.94,4.94
-,-,5.94,4.95
-,-,5.95,4.96
-,-,5.96,4.97
-,-,5.96,4.98
-,-,5.97,4.99
-,-,5.97,5.00
-,-,5.98,5.00
-,-,5.99,5.01
-,-,5.99,5.02
-,-,6.00,5.03
-,-,6.00,5.04
-,-,6.01,5.05
-,-,6.02,5.06
-,-,6.03,5.07
-,-,6.03,5.08
-,-,6.04,5.09
-,-,6.04,5.09
-,-,6.05,5.10
-,-,6.06,5.11
-,-,6.06,5.12
-,-,6.07,5.13
-,-,6.07,5.14
-,-,6.08,5.15
-,-,6.09,5.16
-,-,6.10,5.17
-,-,6.11,5.18
-,-,6.11,5.19
-,-,6.12,5.20
-,-,6.12,5.20
-,-,6.13,5.21
-,-,6.14,5.22
-,-,6.14,5.23
-,-,6.15,5.24
-,-,6.15,5.25
-,-,6.16,5.26
-,-,6.17,5.27
-,-,6.17,5.28
-,-,6.18,5.29
-,-,6.19,5.30
L,9,6.20,5.30
-,-,6.21,5.31
-,-,6.21,5.32
-,-,6.22,5.33
-,-,6.23,5.35
-,-,6.24,5.36
-,-,6.25,5.37
-,-,6.26,5.38
-,-,6.27,5.38
-,-,6.28,5.39
-,-,6.29,5.40
-,-,6.30,5.41
-,-,6.30,5.42
-,-,6.31,5.43
-,-,6.32,5.44
-,-,6.33,5.45
-,-,6.34,5.46
-,-,6.35,5.47
-,-,6.36,5.47
-,-,6.36,5.48
-,-,6.37,5.49
-,-,6.38,5.50
-,-,6.39,5.51
-,-,6.40,5.51
-,-,6.41,5.52
-,-,6.42,5.53
-,-,6.42,5.54
-,-,6.43,5.54
-,-,6.44,5.55
-,-,6.45,5.56
-,-,6.46,5.57
-,-,6.46,5.58
-,-,6.47,5.59
-,-,6.48,5.59
-,-,6.49,5.60
-,-,6.50,5.61
R,2,6.50,5.62
-,-,6.51,5.63
-,-,6.52,5.63
-,-,6.53,5.64
-,-,6.53,5.65
-,-,6.54,5.66
-,-,6.55,5.67
-,-,6.55,5.67
-,-,6.56,5.68
-,-,6.57,5.69
-,-,6.58,5.70
-,-,6.59,5.70
-,-,6.59,5.71
-,-,6.60,5.72
-,-,6.61,5.73
-,-,6.62,5.74
-,-,6.62,5.75
-,-,6.63,5.75
-,-,6.64,5.76
-,-,6.65,5.77
-,-,6.66,5.78
-,-,6.67,5.78
-,-,6.67,5.79
-,-,6.68,5.80
-,-,6.69,5.81
-,-,6.70,5.81
-,-,6.70,5.82
-,-,6.71,5.83
-,-,6.72,5.84
-,-,6.73,5.84
-,-,6.74,5.85
-,-,6.75,5.86
-,-,6.75,5.87
-,-,6.76,5.88
-,-,6.77,5.88
-,-,6.78,5.89
-,-,6.79,5.90
-,-,6.80,5.91
-,-,6.80,5.91
-,-,6.81,5.92
-,-,6.82,5.93
-,-,6.83,5.94
-,-,6.83,5.94
-,-,6.84,5.95
-,-,6.85,5.96
Robot Paused1.00000000 0.07500000 0.30
Time Lap: 9.42974	Track Length: 6.41m	 Medium Speed: 0.68m/s	 
