Sloth Firmware v2.0
v2.0
Calibrating sensors...Done.
-,-,0.00,0.00
-,-,0.00,0.00
-,-,0.00,0.00
-,-,0.00,0.00
-,-,0.00,0.00
-,-,0.00,0.00
-,-,0.00,0.00
-,-,0.00,0.00
-,-,0.00,0.00
-,-,0.00,0.00
-,-,0.00,0.00
-,-,0.00,0.00
-,-,0.00,0.00
-,-,0.00,0.00
-,-,0.00,0.00
-,-,0.00,0.00
-,-,0.00,0.00
-,-,0.00,0.00
-,-,0.00,0.00
-,-,0.00,0.00
-,-,0.00,0.00
-,-,0.00,0.00
-,-,0.00,0.00
-,-,0.00,0.00
-,-,0.00,0.00
-,-,0.00,0.00
-,-,0.00,0.00
-,-,0.00,0.00
-,-,0.00,0.00
-,-,0.00,0.00
-,-,0.00,0.00
-,-,0.00,0.00
-,-,0.00,0.00
-,-,0.00,0.00
-,-,0.00,0.00
-,-,0.00,0.00
-,-,0.00,0.00
-,-,0.00,0.00
-,-,0.00,0.00
-,-,0.00,0.00
-,-,0.00,0.00
-,-,0.00,0.00
-,-,0.00,0.00
-,-,0.00,0.00
-,-,0.00,0.00
-,-,0.00,0.00
-,-,0.00,0.00
-,-,0.00,0.00
-,-,0.00,0.00
-,-,0.00,0.00
-,-,0.00,0.00
-,-,0.00,0.00
-,-,0.00,0.00
-,-,0.00,0.00
-,-,0.00,0.00
-,-,0.00,0.00
-,-,0.00,0.00
-,-,0.00,0.00
-,-,0.00,0.00
-,-,0.00,0.00
-,-,0.00,0.00
-,-,0.00,0.00
-,-,0.00,0.00
-,-,0.00,0.00
-,-,0.00,0.00
-,-,0.00,0.00
-,-,0.00,0.00
-,-,0.00,0.00
-,-,0.00,0.00
-,-,0.00,0.00
-,-,0.00,0.00
-,-,0.00,0.00
-,-,0.00,0.00
-,-,0.00,0.00
-,-,0.00,0.00
-,-,0.00,0.00
-,-,0.00,0.00
-,-,0.00,0.00
-,-,0.00,0.00
-,-,0.00,0.00
R,1,0.00,0.01
-,-,0.01,0.01
-,-,0.02,0.02
-,-,0.02,0.03
-,-,0.03,0.03
-,-,0.04,0.04
-,-,0.04,0.04
-,-,0.05,0.05
-,-,0.06,0.06
-,-,0.06,0.06
-,-,0.07,0.07
-,-,0.07,0.08
-,-,0.08,0.08
-,-,0.08,0.09
-,-,0.09,0.09
-,-,0.10,0.10
-,-,0.10,0.11
-,-,0.11,0.11
-,-,0.12,0.12
-,-,0.12,0.13
-,-,0.13,0.13
-,-,0.14,0.14
-,-,0.14,0.15
-,-,0.15,0.16
-,-,0.16,0.16
-,-,0.16,0.17
-,-,0.17,0.18
-,-,0.18,0.18
-,-,0.19,0.19
-,-,0.19,0.20
-,-,0.20,0.20
-,-,0.21,0.21
-,-,0.22,0.22
-,-,0.22,0.23
-,-,0.23,0.23
-,-,0.24,0.24
-,-,0.24,0.25
-,-,0.25,0.25
-,-,0.26,0.26
-,-,0.26,0.27
-,-,0.27,0.27
-,-,0.28,0.28
-,-,0.28,0.29
-,-,0.29,0.29
-,-,0.30,0.30
-,-,0.30,0.31
-,-,0.31,0.32
-,-,0.32,0.32
-,-,0.32,0.33
-,-,0.33,0.34
-,-,0.34,0.34
-,-,0.34,0.35
-,-,0.35,0.35
-,-,0.36,0.36
-,-,0.36,0.37
-,-,0.37,0.37
-,-,0.38,0.38
-,-,0.38,0.38
-,-,0.39,0.39
-,-,0.40,0.39
L,1,0.41,0.40
-,-,0.41,0.40
-,-,0.42,0.41
-,-,0.43,0.41
-,-,0.43,0.42
-,-,0.44,0.42
-,-,0.45,0.42
-,-,0.45,0.43
-,-,0.46,0.43
-,-,0.47,0.43
-,-,0.47,0.44
-,-,0.48,0.44
-,-,0.49,0.44
-,-,0.50,0.44
-,-,0.50,0.45
-,-,0.51,0.45
-,-,0.52,0.45
-,-,0.52,0.45
-,-,0.53,0.45
-,-,0.54,0.45
-,-,0.55,0.46
-,-,0.55,0.46
-,-,0.56,0.46
-,-,0.57,0.46
-,-,0.57,0.46
-,-,0.58,0.46
-,-,0.59,0.47
-,-,0.60,0.47
-,-,0.60,0.47
-,-,0.61,0.47
-,-,0.62,0.47
-,-,0.63,0.47
-,-,0.63,0.48
-,-,0.64,0.48
-,-,0.65,0.48
-,-,0.66,0.48
-,-,0.66,0.48
-,-,0.67,0.48
-,-,0.68,0.49
-,-,0.68,0.49
-,-,0.69,0.49
-,-,0.70,0.49
-,-,0.71,0.49
-,-,0.71,0.50
-,-,0.72,0.50
-,-,0.73,0.50
-,-,0.73,0.50
-,-,0.74,0.50
-,-,0.75,0.50
-,-,0.76,0.50
-,-,0.76,0.50
-,-,0.77,0.50
-,-,0.78,0.51
-,-,0.78,0.51
-,-,0.79,0.51
-,-,0.80,0.51
-,-,0.81,0.51
-,-,0.81,0.51
-,-,0.82,0.52
-,-,0.83,0.52
-,-,0.84,0.52
-,-,0.84,0.52
-,-,0.85,0.52
-,-,0.86,0.53
-,-,0.86,0.53
-,-,0.87,0.53
-,-,0.88,0.54
L,2,0.88,0.54
-,-,0.89,0.55
-,-,0.90,0.55
-,-,0.90,0.56
-,-,0.91,0.56
-,-,0.92,0.57
-,-,0.92,0.57
-,-,0.93,0.58
-,-,0.94,0.58
-,-,0.94,0.59
-,-,0.95,0.60
-,-,0.96,0.60
-,-,0.96,0.61
-,-,0.97,0.61
-,-,0.98,0.62
-,-,0.98,0.62
-,-,0.99,0.63
-,-,1.00,0.64
-,-,1.00,0.64
-,-,1.01,0.65
-,-,1.02,0.65
-,-,1.02,0.66
-,-,1.03,0.66
-,-,1.04,0.67
-,-,1.04,0.68
-,-,1.05,0.68
-,-,1.05,0.69
-,-,1.06,0.69
-,-,1.07,0.70
-,-,1.07,0.71
-,-,1.08,0.71
-,-,1.08,0.72
-,-,1.09,0.73
-,-,1.10,0.73
-,-,1.10,0.74
-,-,1.11,0.74
-,-,1.12,0.75
-,-,1.12,0.75
-,-,1.13,0.76
-,-,1.14,0.77
-,-,1.14,0.77
-,-,1.15,0.78
-,-,1.15,0.78
-,-,1.16,0.79
L,3,1.17,0.80
-,-,1.17,0.80
-,-,1.18,0.81
-,-,1.18,0.82
-,-,1.19,0.82
-,-,1.20,0.83
-,-,1.20,0.84
-,-,1.21,0.84
-,-,1.21,0.85
-,-,1.22,0.86
-,-,1.23,0.86
-,-,1.23,0.87
-,-,1.24,0.87
-,-,1.24,0.88
-,-,1.25,0.89
-,-,1.26,0.89
-,-,1.26,0.90
-,-,1.27,0.90
-,-,1.27,0.91
-,-,1.28,0.92
-,-,1.28,0.92
-,-,1.29,0.93
-,-,1.30,0.93
-,-,1.30,0.94
-,-,1.31,0.95
-,-,1.31,0.95
-,-,1.32,0.96
-,-,1.33,0.96
-,-,1.33,0.97
-,-,1.34,0.97
-,-,1.34,0.98
-,-,1.35,0.99
-,-,1.36,0.99
-,-,1.36,1.00
-,-,1.37,1.01
-,-,1.37,1.01
-,-,1.38,1.02
-,-,1.39,1.03
-,-,1.39,1.03
-,-,1.40,1.04
-,-,1.41,1.05
-,-,1.41,1.05
-,-,1.42,1.06
-,-,1.42,1.06
-,-,1.43,1.07
-,-,1.44,1.08
-,-,1.44,1.08
-,-,1.45,1.09
-,-,1.46,1.09
-,-,1.46,1.10
-,-,1.47,1.11
-,-,1.48,1.11
-,-,1.48,1.12
-,-,1.49,1.13
-,-,1.50,1.13
-,-,1.50,1.14
-,-,1.51,1.14
-,-,1.52,1.15
-,-,1.52,1.16
-,-,1.53,1.16
-,-,1.53,1.17
-,-,1.54,1.17
-,-,1.55,1.18
-,-,1.56,1.19
-,-,1.56,1.19
-,-,1.57,1.20
-,-,1.57,1.21
-,-,1.58,1.21
-,-,1.59,1.22
-,-,1.59,1.22
-,-,1.60,1.23
-,-,1.61,1.24
-,-,1.61,1.24
-,-,1.62,1.25
-,-,1.62,1.26
-,-,1.63,1.26
-,-,1.63,1.27
-,-,1.64,1.27
-,-,1.65,1.28
-,-,1.65,1.29
-,-,1.66,1.29
-,-,1.66,1.30
-,-,1.67,1.31
-,-,1.67,1.31
-,-,1.68,1.32
-,-,1.68,1.32
-,-,1.69,1.33
-,-,1.70,1.34
-,-,1.70,1.34
-,-,1.71,1.35
-,-,1.71,1.36
-,-,1.72,1.36
-,-,1.73,1.37
-,-,1.73,1.38
-,-,1.74,1.38
-,-,1.74,1.39
-,-,1.75,1.39
-,-,1.76,1.40
-,-,1.76,1.40
-,-,1.77,1.41
-,-,1.78,1.42
-,-,1.78,1.42
-,-,1.79,1.43
-,-,1.80,1.43
-,-,1.80,1.44
-,-,1.81,1.45
-,-,1.82,1.45
-,-,1.82,1.46
-,-,1.83,1.46
-,-,1.83,1.47
-,-,1.84,1.48
-,-,1.85,1.48
-,-,1.86,1.49
-,-,1.86,1.50
-,-,1.87,1.51
-,-,1.88,1.51
-,-,1.88,1.52
-,-,1.89,1.53
-,-,1.90,1.54
-,-,1.90,1.54
-,-,1.91,1.55
-,-,1.92,1.56
-,-,1.93,1.56
-,-,1.93,1.57
-,-,1.94,1.58
-,-,1.95,1.58
-,-,1.95,1.59
-,-,1.96,1.60
-,-,1.97,1.60
-,-,1.97,1.61
-,-,1.98,1.62
-,-,1.99,1.62
-,-,1.99,1.63
-,-,2.00,1.64
-,-,2.01,1.64
-,-,2.01,1.65
-,-,2.02,1.66
-,-,2.03,1.66
-,-,2.03,1.67
-,-,2.04,1.68
-,-,2.05,1.68
-,-,2.05,1.69
-,-,2.06,1.69
-,-,2.06,1.70
-,-,2.07,1.71
-,-,2.07,1.71
L,4,2.08,1.72
-,-,2.09,1.72
-,-,2.09,1.73
-,-,2.10,1.74
-,-,2.11,1.74
-,-,2.11,1.75
-,-,2.12,1.75
-,-,2.13,1.76
-,-,2.14,1.76
-,-,2.14,1.77
-,-,2.15,1.78
-,-,2.16,1.78
-,-,2.16,1.79
-,-,2.17,1.79
-,-,2.18,1.80
-,-,2.19,1.80
-,-,2.19,1.80
-,-,2.20,1.81
-,-,2.21,1.81
-,-,2.22,1.82
-,-,2.22,1.83
-,-,2.23,1.83
-,-,2.24,1.84
-,-,2.24,1.84
-,-,2.25,1.85
-,-,2.26,1.85
-,-,2.27,1.86
-,-,2.27,1.87
-,-,2.28,1.87
-,-,2.29,1.88
-,-,2.29,1.88
-,-,2.30,1.89
-,-,2.31,1.89
-,-,2.32,1.90
-,-,2.32,1.91
-,-,2.33,1.91
-,-,2.34,1.91
-,-,2.34,1.92
-,-,2.35,1.93
-,-,2.36,1.93
-,-,2.36,1.94
-,-,2.37,1.94
-,-,2.38,1.95
-,-,2.38,1.95
-,-,2.39,1.96
-,-,2.40,1.97
-,-,2.40,1.97
-,-,2.41,1.98
-,-,2.42,1.98
-,-,2.43,1.99
-,-,2.43,1.99
-,-,2.44,2.00
-,-,2.45,2.01
-,-,2.45,2.01
-,-,2.46,2.02
-,-,2.47,2.02
-,-,2.47,2.03
-,-,2.48,2.04
-,-,2.49,2.04
-,-,2.49,2.05
-,-,2.50,2.05
-,-,2.51,2.06
-,-,2.51,2.07
-,-,2.52,2.07
-,-,2.53,2.08
-,-,2.53,2.08
-,-,2.54,2.09
-,-,2.55,2.10
-,-,2.55,2.10
-,-,2.56,2.11
-,-,2.57,2.11
-,-,2.57,2.12
-,-,2.58,2.12
-,-,2.59,2.13
-,-,2.59,2.13
-,-,2.60,2.14
-,-,2.60,2.14
-,-,2.61,2.15
-,-,2.62,2.16
-,-,2.62,2.16
-,-,2.63,2.17
-,-,2.64,2.17
-,-,2.64,2.18
-,-,2.65,2.18
-,-,2.65,2.18
-,-,2.66,2.19
-,-,2.67,2.19
-,-,2.67,2.20
-,-,2.68,2.20
-,-,2.69,2.21
-,-,2.69,2.21
-,-,2.70,2.21
-,-,2.70,2.22
-,-,2.71,2.22
-,-,2.71,2.23
-,-,2.72,2.23
-,-,2.73,2.23
-,-,2.73,2.24
-,-,2.74,2.24
-,-,2.75,2.24
-,-,2.75,2.25
-,-,2.76,2.25
-,-,2.76,2.26
-,-,2.77,2.26
-,-,2.77,2.27
-,-,2.78,2.27
-,-,2.79,2.28
-,-,2.79,2.28
-,-,2.80,2.29
-,-,2.80,2.29
-,-,2.81,2.30
-,-,2.82,2.30
-,-,2.82,2.31
-,-,2.83,2.32
-,-,2.83,2.32
-,-,2.84,2.33
-,-,2.85,2.33
-,-,2.85,2.34
-,-,2.86,2.34
-,-,2.86,2.35
-,-,2.87,2.35
-,-,2.88,2.36
-,-,2.88,2.36
-,-,2.89,2.37
-,-,2.90,2.37
-,-,2.90,2.38
-,-,2.91,2.38
-,-,2.91,2.39
-,-,2.92,2.39
-,-,2.93,2.40
-,-,2.93,2.40
-,-,2.94,2.41
-,-,2.95,2.41
-,-,2.95,2.42
-,-,2.96,2.42
-,-,2.97,2.43
-,-,2.97,2.43
-,-,2.98,2.44
-,-,2.99,2.44
-,-,2.99,2.45
-,-,3.00,2.45
-,-,3.01,2.46
-,-,3.01,2.46
-,-,3.02,2.47
-,-,3.02,2.48
-,-,3.03,2.48
-,-,3.04,2.49
-,-,3.04,2.49
-,-,3.05,2.50
-,-,3.06,2.50
-,-,3.06,2.51
-,-,3.07,2.51
-,-,3.08,2.51
-,-,3.08,2.52
-,-,3.09,2.52
-,-,3.09,2.53
-,-,3.10,2.53
-,-,3.11,2.54
-,-,3.11,2.54
-,-,3.12,2.55
-,-,3.13,2.55
-,-,3.13,2.56
-,-,3.14,2.56
-,-,3.15,2.57
-,-,3.15,2.57
-,-,3.16,2.58
-,-,3.17,2.58
-,-,3.17,2.59
-,-,3.18,2.59
-,-,3.19,2.60
-,-,3.20,2.61
-,-,3.20,2.61
-,-,3.21,2.62
-,-,3.22,2.62
-,-,3.22,2.63
-,-,3.23,2.64
-,-,3.24,2.64
-,-,3.24,2.65
-,-,3.25,2.65
-,-,3.26,2.66
-,-,3.26,2.66
-,-,3.27,2.67
-,-,3.28,2.67
-,-,3.28,2.68
-,-,3.29,2.68
-,-,3.29,2.69
-,-,3.30,2.69
-,-,3.31,2.70
-,-,3.31,2.70
-,-,3.32,2.70
-,-,3.32,2.71
-,-,3.33,2.71
-,-,3.34,2.72
-,-,3.34,2.72
-,-,3.35,2.73
-,-,3.35,2.73
-,-,3.36,2.74
-,-,3.37,2.74
-,-,3.37,2.74
-,-,3.38,2.75
-,-,3.38,2.75
-,-,3.39,2.76
-,-,3.40,2.76
-,-,3.40,2.77
-,-,3.41,2.77
-,-,3.41,2.78
-,-,3.42,2.78
-,-,3.42,2.79
-,-,3.43,2.79
-,-,3.44,2.79
-,-,3.44,2.80
-,-,3.45,2.80
-,-,3.45,2.81
-,-,3.46,2.81
-,-,3.47,2.82
-,-,3.47,2.82
-,-,3.48,2.83
-,-,3.49,2.83
-,-,3.49,2.84
-,-,3.50,2.84
-,-,3.51,2.84
-,-,3.51,2.85
-,-,3.52,2.85
-,-,3.53,2.86
-,-,3.53,2.86
-,-,3.54,2.87
-,-,3.54,2.87
-,-,3.55,2.88
-,-,3.56,2.88
-,-,3.56,2.89
-,-,3.57,2.89
-,-,3.58,2.90
-,-,3.58,2.90
-,-,3.59,2.91
-,-,3.60,2.91
-,-,3.60,2.92
-,-,3.61,2.92
-,-,3.62,2.93
-,-,3.62,2.93
-,-,3.63,2.94
-,-,3.64,2.95
-,-,3.64,2.95
-,-,3.65,2.96
-,-,3.66,2.96
-,-,3.67,2.97
-,-,3.67,2.97
-,-,3.68,2.98
-,-,3.69,2.98
-,-,3.69,2.99
-,-,3.70,3.00
-,-,3.71,3.00
-,-,3.71,3.01
-,-,3.72,3.01
-,-,3.73,3.02
-,-,3.74,3.02
-,-,3.74,3.03
-,-,3.75,3.03
-,-,3.76,3.04
-,-,3.76,3.05
-,-,3.77,3.05
-,-,3.78,3.06
-,-,3.79,3.06
-,-,3.79,3.07
L,5,3.80,3.08
-,-,3.81,3.08
-,-,3.81,3.09
-,-,3.82,3.09
-,-,3.83,3.10
-,-,3.83,3.11
-,-,3.84,3.11
-,-,3.85,3.12
-,-,3.85,3.13
-,-,3.86,3.13
-,-,3.87,3.14
-,-,3.87,3.15
-,-,3.88,3.15
-,-,3.88,3.16
-,-,3.89,3.16
-,-,3.90,3.17
-,-,3.90,3.17
-,-,3.91,3.18
-,-,3.91,3.19
-,-,3.92,3.19
-,-,3.93,3.20
-,-,3.93,3.20
-,-,3.94,3.21
-,-,3.94,3.22
-,-,3.95,3.22
-,-,3.96,3.23
-,-,3.96,3.24
-,-,3.97,3.24
-,-,3.97,3.25
-,-,3.98,3.25
-,-,3.98,3.26
-,-,3.99,3.27
-,-,4.00,3.27
-,-,4.00,3.28
-,-,4.01,3.28
-,-,4.01,3.29
-,-,4.02,3.29
-,-,4.03,3.30
-,-,4.03,3.30
-,-,4.04,3.31
-,-,4.04,3.32
-,-,4.05,3.32
-,-,4.06,3.33
-,-,4.06,3.33
-,-,4.07,3.34
-,-,4.08,3.35
-,-,4.08,3.35
-,-,4.09,3.36
-,-,4.09,3.36
-,-,4.10,3.37
-,-,4.11,3.38
-,-,4.11,3.38
-,-,4.12,3.39
-,-,4.12,3.39
-,-,4.13,3.40
-,-,4.14,3.40
-,-,4.14,3.41
-,-,4.15,3.42
-,-,4.15,3.42
-,-,4.16,3.43
-,-,4.17,3.43
-,-,4.17,3.44
-,-,4.18,3.44
-,-,4.18,3.45
-,-,4.19,3.46
-,-,4.20,3.46
-,-,4.20,3.47
-,-,4.21,3.47
-,-,4.21,3.48
-,-,4.22,3.48
L,6,4.23,3.49
-,-,4.23,3.50
-,-,4.24,3.50
-,-,4.25,3.51
-,-,4.25,3.51
-,-,4.26,3.51
-,-,4.26,3.52
-,-,4.27,3.52
-,-,4.28,3.53
-,-,4.28,3.53
-,-,4.29,3.53
-,-,4.30,3.54
-,-,4.30,3.54
-,-,4.31,3.54
-,-,4.31,3.54
-,-,4.32,3.55
-,-,4.33,3.55
-,-,4.33,3.55
-,-,4.34,3.55
-,-,4.34,3.55
-,-,4.35,3.56
-,-,4.36,3.56
-,-,4.36,3.56
-,-,4.37,3.56
-,-,4.38,3.56
-,-,4.38,3.57
-,-,4.39,3.57
-,-,4.39,3.57
-,-,4.40,3.57
-,-,4.41,3.57
-,-,4.41,3.57
-,-,4.42,3.58
-,-,4.43,3.58
-,-,4.43,3.58
-,-,4.44,3.58
-,-,4.44,3.58
-,-,4.45,3.58
-,-,4.46,3.59
-,-,4.46,3.59
-,-,4.47,3.59
-,-,4.48,3.59
-,-,4.48,3.59
-,-,4.49,3.60
-,-,4.50,3.60
-,-,4.50,3.60
-,-,4.51,3.60
-,-,4.51,3.61
-,-,4.52,3.61
-,-,4.53,3.61
-,-,4.53,3.61
-,-,4.54,3.62
-,-,4.55,3.62
-,-,4.55,3.62
-,-,4.56,3.63
-,-,4.56,3.63
-,-,4.57,3.63
-,-,4.58,3.63
-,-,4.58,3.63
-,-,4.59,3.63
-,-,4.59,3.63
-,-,4.60,3.63
-,-,4.61,3.63
-,-,4.62,3.63
-,-,4.62,3.63
-,-,4.63,3.63
-,-,4.64,3.64
-,-,4.64,3.64
-,-,4.65,3.64
-,-,4.66,3.64
-,-,4.66,3.64
-,-,4.67,3.64
-,-,4.68,3.64
-,-,4.68,3.64
-,-,4.69,3.64
-,-,4.70,3.65
-,-,4.70,3.65
-,-,4.71,3.65
-,-,4.71,3.65
-,-,4.72,3.65
-,-,4.73,3.66
-,-,4.74,3.66
-,-,4.74,3.66
-,-,4.75,3.67
-,-,4.75,3.67
-,-,4.76,3.68
L,7,4.77,3.68
-,-,4.77,3.69
-,-,4.78,3.69
-,-,4.79,3.70
-,-,4.79,3.71
-,-,4.80,3.71
-,-,4.81,3.72
-,-,4.81,3.72
-,-,4.82,3.73
-,-,4.83,3.74
-,-,4.83,3.74
-,-,4.84,3.75
-,-,4.85,3.76
-,-,4.86,3.76
-,-,4.86,3.77
-,-,4.87,3.77
-,-,4.88,3.78
-,-,4.88,3.79
-,-,4.89,3.79
-,-,4.90,3.80
-,-,4.90,3.81
-,-,4.91,3.81
-,-,4.92,3.82
-,-,4.92,3.83
-,-,4.93,3.84
-,-,4.94,3.84
-,-,4.95,3.85
-,-,4.95,3.86
-,-,4.96,3.86
-,-,4.97,3.87
-,-,4.97,3.88
-,-,4.98,3.88
-,-,4.99,3.89
-,-,4.99,3.90
-,-,5.00,3.90
-,-,5.01,3.91
-,-,5.02,3.92
-,-,5.02,3.92
-,-,5.03,3.93
-,-,5.04,3.94
-,-,5.04,3.94
-,-,5.05,3.95
-,-,5.06,3.96
-,-,5.06,3.96
-,-,5.07,3.97
-,-,5.08,3.98
-,-,5.08,3.98
-,-,5.09,3.99
-,-,5.10,3.99
-,-,5.10,4.00
-,-,5.11,4.01
-,-,5.12,4.01
-,-,5.12,4.02
-,-,5.13,4.03
-,-,5.13,4.03
-,-,5.14,4.04
-,-,5.15,4.04
L,8,5.15,4.05
-,-,5.16,4.06
-,-,5.17,4.06
-,-,5.17,4.07
-,-,5.18,4.08
-,-,5.19,4.08
-,-,5.19,4.09
-,-,5.20,4.10
-,-,5.20,4.10
-,-,5.21,4.11
-,-,5.21,4.12
-,-,5.21,4.13
-,-,5.22,4.13
-,-,5.22,4.14
-,-,5.23,4.15
-,-,5.23,4.15
-,-,5.23,4.16
-,-,5.24,4.17
-,-,5.24,4.17
-,-,5.25,4.18
-,-,5.25,4.19
-,-,5.26,4.19
-,-,5.26,4.20
-,-,5.27,4.21
-,-,5.27,4.21
-,-,5.28,4.22
-,-,5.28,4.23
-,-,5.29,4.24
-,-,5.29,4.24
-,-,5.29,4.25
-,-,5.30,4.26
-,-,5.31,4.26
-,-,5.31,4.27
-,-,5.31,4.28
-,-,5.32,4.28
-,-,5.32,4.29
-,-,5.33,4.30
-,-,5.33,4.30
-,-,5.33,4.31
-,-,5.34,4.32
-,-,5.34,4.33
-,-,5.35,4.33
-,-,5.35,4.34
-,-,5.36,4.35
-,-,5.36,4.35
-,-,5.37,4.36
-,-,5.37,4.37
-,-,5.38,4.37
-,-,5.38,4.38
-,-,5.39,4.39
-,-,5.39,4.40
-,-,5.40,4.40
-,-,5.40,4.41
-,-,5.41,4.42
-,-,5.41,4.43
-,-,5.42,4.43
-,-,5.42,4.44
-,-,5.43,4.45
-,-,5.43,4.46
-,-,5.44,4.46
-,-,5.44,4.47
-,-,5.45,4.48
-,-,5.45,4.48
-,-,5.46,4.49
-,-,5.46,4.50
-,-,5.47,4.50
-,-,5.47,4.51
-,-,5.47,4.52
-,-,5.48,4.52
-,-,5.48,4.53
-,-,5.49,4.53
-,-,5.49,4.54
-,-,5.50,4.55
-,-,5.50,4.55
-,-,5.50,4.56
-,-,5.51,4.57
-,-,5.51,4.57
-,-,5.52,4.58
-,-,5.52,4.59
-,-,5.52,4.59
-,-,5.53,4.60
-,-,5.53,4.60
-,-,5.53,4.61
-,-,5.54,4.62
-,-,5.54,4.62
-,-,5.55,4.63
-,-,5.55,4.64
-,-,5.55,4.64
-,-,5.56,4.65
-,-,5.56,4.66
-,-,5.57,4.66
-,-,5.57,4.67
-,-,5.58,4.68
-,-,5.58,4.68
-,-,5.58,4.69
-,-,5.59,4.70
-,-,5.59,4.70
-,-,5.60,4.71
-,-,5.60,4.72
-,-,5.61,4.72
-,-,5.61,4.73
-,-,5.62,4.74
-,-,5.62,4.74
-,-,5.62,4.75
-,-,5.63,4.75
-,-,5.63,4.76
-,-,5.64,4.77
-,-,5.64,4.77
-,-,5.65,4.78
-,-,5.65,4.79
-,-,5.65,4.79
-,-,5.66,4.80
-,-,5.66,4.81
-,-,5.67,4.81
-,-,5.67,4.82
-,-,5.67,4.83
-,-,5.68,4.83
-,-,5.68,4.84
-,-,5.69,4.85
-,-,5.69,4.85
-,-,5.70,4.86
-,-,5.70,4.87
-,-,5.71,4.87
-,-,5.71,4.88
-,-,5.72,4.89
-,-,5.72,4.90
-,-,5.73,4.90
-,-,5.73,4.91
-,-,5.74,4.92
-,-,5.74,4.92
-,-,5.75,4.93
-,-,5.75,4.94
-,-,5.76,4.95
-,-,5.76,4.96
-,-,5.77,4.96
-,-,5.77,4.97
-,-,5.78,4.98
-,-,5.78,4.99
-,-,5.79,5.00
-,-,5.79,5.00
-,-,5.80,5.01
-,-,5.80,5.02
-,-,5.81,5.03
-,-,5.81,5.03
-,-,5.82,5.04
-,-,5.82,5.05
-,-,5.83,5.06
-,-,5.83,5.06
-,-,5.84,5.07
-,-,5.84,5.08
-,-,5.85,5.09
-,-,5.85,5.09
-,-,5.86,5.10
-,-,5.86,5.11
-,-,5.87,5.12
-,-,5.88,5.12
L,9,5.88,5.13
-,-,5.89,5.14
-,-,5.90,5.15
-,-,5.90,5.15
-,-,5.91,5.16
-,-,5.92,5.17
-,-,5.92,5.18
-,-,5.93,5.18
-,-,5.93,5.19
-,-,5.94,5.20
-,-,5.95,5.21
-,-,5.95,5.21
-,-,5.96,5.22
-,-,5.97,5.23
-,-,5.98,5.23
-,-,5.98,5.24
-,-,5.99,5.25
-,-,6.00,5.26
-,-,6.00,5.26
-,-,6.01,5.27
-,-,6.01,5.28
-,-,6.02,5.28
-,-,6.03,5.29
-,-,6.03,5.30
-,-,6.04,5.30
-,-,6.05,5.31
-,-,6.05,5.32
-,-,6.06,5.32
-,-,6.07,5.33
-,-,6.07,5.34
-,-,6.08,5.34
-,-,6.09,5.35
-,-,6.10,5.36
-,-,6.10,5.37
-,-,6.11,5.37
-,-,6.12,5.38
-,-,6.12,5.38
-,-,6.13,5.39
-,-,6.13,5.40
-,-,6.14,5.40
-,-,6.15,5.41
-,-,6.15,5.42
-,-,6.16,5.42
-,-,6.17,5.43
-,-,6.17,5.44
-,-,6.18,5.45
-,-,6.19,5.45
-,-,6.19,5.46
-,-,6.20,5.47
-,-,6.21,5.47
-,-,6.21,5.48
-,-,6.22,5.49
-,-,6.23,5.50
-,-,6.23,5.50
-,-,6.24,5.51
-,-,6.25,5.52
-,-,6.25,5.52
-,-,6.26,5.53
-,-,6.27,5.54
-,-,6.28,5.54
-,-,6.28,5.55
-,-,6.29,5.56
-,-,6.30,5.56
-,-,6.30,5.57
-,-,6.31,5.57
-,-,6.32,5.58
-,-,6.32,5.59
-,-,6.33,5.59
-,-,6.34,5.60
-,-,6.34,5.60
-,-,6.35,5.61
-,-,6.36,5.62
-,-,6.36,5.62
-,-,6.37,5.63
-,-,6.37,5.63
-,-,6.38,5.64
-,-,6.39,5.65
-,-,6.39,5.66
-,-,6.40,5.66
-,-,6.41,5.67
-,-,6.41,5.68
-,-,6.42,5.68
-,-,6.42,5.69
-,-,6.43,5.70
-,-,6.44,5.70
-,-,6.44,5.71
-,-,6.45,5.71
-,-,6.46,5.72
-,-,6.46,5.73
-,-,6.47,5.73
Robot Paused0.00020000 0.00000350 0.30
-,-,6.48,5.74
Time Lap: 12.37566	Track Length: 6.11m	 Medium Speed: 0.49m/s	 
