Sloth Firmware v2.0
v2.0
Sloth Firmware v2.0
v2.0
Sloth Firmware v2.0
v2.0
Calibrating sensors...Sloth Firmware v2.0
v2.0
Sloth Firmware v2.0
v2.0
Calibrating sensors...Done.
-,-,0.00,0.00
-,-,0.00,0.00
-,-,0.00,0.00
-,-,0.00,0.00
-,-,0.00,0.00
-,-,0.00,0.00
-,-,0.00,0.00
-,-,0.00,0.00
-,-,0.00,0.00
-,-,0.00,0.00
-,-,0.00,0.00
-,-,0.00,0.00
-,-,0.00,0.00
-,-,0.00,0.00
-,-,0.00,0.00
-,-,0.00,0.00
-,-,0.00,0.00
-,-,0.00,0.00
-,-,0.00,0.00
-,-,0.00,0.00
-,-,0.00,0.00
-,-,0.00,0.00
-,-,0.00,0.00
-,-,0.00,0.00
-,-,0.00,0.00
-,-,0.00,0.00
-,-,0.00,0.00
-,-,0.00,0.00
-,-,0.00,0.00
-,-,0.00,0.00
-,-,0.00,0.00
-,-,0.00,0.00
-,-,0.00,0.00
-,-,0.00,0.00
-,-,0.00,0.00
-,-,0.00,0.00
-,-,0.00,0.00
-,-,0.00,0.00
-,-,0.00,0.00
-,-,0.00,0.00
-,-,0.00,0.00
-,-,0.00,0.00
-,-,0.00,0.00
-,-,0.00,0.00
-,-,0.00,0.00
-,-,0.00,0.00
-,-,0.00,0.00
-,-,0.00,0.00
-,-,0.00,0.00
-,-,0.00,0.00
-,-,0.00,0.00
-,-,0.00,0.00
-,-,0.00,0.00
-,-,0.00,0.00
-,-,0.00,0.00
-,-,0.00,0.00
-,-,0.00,0.00
-,-,0.00,0.00
-,-,0.00,0.00
-,-,0.00,0.00
-,-,0.00,0.00
-,-,0.00,0.00
-,-,0.00,0.00
-,-,0.00,0.00
-,-,0.00,0.00
-,-,0.00,0.00
-,-,0.00,0.00
-,-,0.00,0.00
-,-,0.00,0.00
-,-,0.00,0.00
-,-,0.00,0.00
-,-,0.00,0.00
-,-,0.00,0.00
-,-,0.00,0.00
-,-,0.00,0.00
-,-,0.00,0.00
-,-,0.00,0.00
-,-,0.00,0.00
-,-,0.00,0.00
-,-,0.00,0.00
-,-,0.00,0.00
-,-,0.00,0.00
-,-,0.00,0.00
-,-,0.00,0.00
-,-,0.00,0.00
-,-,0.00,0.00
-,-,0.00,0.00
-,-,0.00,0.00
-,-,0.00,0.00
-,-,0.00,0.00
-,-,0.00,0.00
-,-,0.00,0.00
-,-,0.00,0.00
-,-,0.00,0.00
-,-,0.00,0.00
-,-,0.00,0.00
-,-,0.00,0.00
-,-,0.00,0.00
-,-,0.00,0.00
-,-,0.00,0.00
-,-,0.00,0.00
-,-,0.00,0.00
-,-,0.00,0.00
-,-,0.00,0.00
-,-,0.00,0.00
-,-,0.00,0.00
-,-,0.00,0.00
-,-,0.00,0.00
-,-,0.00,0.00
-,-,0.00,0.00
-,-,0.00,0.00
-,-,0.00,0.00
-,-,0.00,0.00
-,-,0.00,0.00
-,-,0.00,0.00
-,-,0.00,0.00
-,-,0.00,0.00
-,-,0.00,0.00
-,-,0.00,0.00
-,-,0.00,0.00
-,-,0.00,0.00
-,-,0.00,0.00
-,-,0.00,0.00
-,-,0.00,0.00
-,-,0.00,0.00
-,-,0.00,0.00
-,-,0.00,0.00
-,-,0.00,0.00
R,1,0.00,0.00
-,-,0.01,0.01
-,-,0.01,0.01
-,-,0.02,0.01
-,-,0.02,0.02
-,-,0.03,0.02
-,-,0.03,0.03
-,-,0.04,0.04
-,-,0.04,0.04
-,-,0.05,0.05
-,-,0.05,0.05
-,-,0.06,0.06
-,-,0.06,0.06
-,-,0.07,0.07
-,-,0.07,0.07
-,-,0.08,0.08
-,-,0.09,0.09
-,-,0.09,0.09
-,-,0.10,0.10
-,-,0.10,0.10
-,-,0.11,0.11
-,-,0.11,0.11
-,-,0.12,0.12
-,-,0.13,0.13
-,-,0.13,0.13
-,-,0.14,0.14
-,-,0.14,0.14
-,-,0.15,0.15
-,-,0.16,0.16
-,-,0.16,0.16
-,-,0.17,0.17
-,-,0.17,0.17
-,-,0.18,0.18
-,-,0.19,0.18
-,-,0.19,0.19
-,-,0.20,0.20
-,-,0.20,0.20
-,-,0.21,0.21
-,-,0.21,0.21
-,-,0.22,0.22
-,-,0.22,0.22
-,-,0.23,0.23
-,-,0.23,0.23
-,-,0.24,0.24
-,-,0.25,0.24
-,-,0.25,0.25
-,-,0.26,0.26
-,-,0.26,0.26
-,-,0.27,0.27
-,-,0.28,0.27
-,-,0.28,0.28
-,-,0.29,0.28
-,-,0.29,0.29
-,-,0.30,0.29
-,-,0.31,0.30
-,-,0.31,0.31
-,-,0.32,0.31
-,-,0.32,0.32
-,-,0.33,0.32
-,-,0.34,0.33
-,-,0.34,0.33
-,-,0.35,0.34
-,-,0.35,0.34
-,-,0.36,0.35
-,-,0.36,0.35
-,-,0.36,0.36
L,1,0.37,0.36
-,-,0.37,0.37
-,-,0.38,0.38
-,-,0.38,0.38
-,-,0.38,0.39
-,-,0.39,0.40
-,-,0.39,0.40
-,-,0.39,0.41
-,-,0.40,0.41
-,-,0.40,0.42
-,-,0.40,0.43
-,-,0.40,0.43
-,-,0.41,0.44
-,-,0.41,0.45
-,-,0.41,0.45
-,-,0.41,0.46
-,-,0.41,0.47
-,-,0.41,0.48
-,-,0.41,0.48
-,-,0.42,0.49
-,-,0.42,0.50
-,-,0.42,0.50
-,-,0.42,0.51
-,-,0.42,0.52
-,-,0.43,0.52
-,-,0.43,0.53
-,-,0.43,0.54
-,-,0.43,0.54
-,-,0.44,0.55
-,-,0.44,0.56
-,-,0.44,0.57
-,-,0.44,0.57
-,-,0.45,0.58
-,-,0.45,0.59
-,-,0.45,0.59
-,-,0.45,0.60
-,-,0.45,0.61
-,-,0.46,0.61
-,-,0.46,0.62
-,-,0.46,0.63
-,-,0.46,0.63
-,-,0.47,0.64
-,-,0.47,0.65
-,-,0.47,0.65
-,-,0.47,0.66
-,-,0.47,0.67
-,-,0.48,0.67
-,-,0.48,0.68
-,-,0.48,0.68
-,-,0.48,0.69
-,-,0.48,0.70
-,-,0.49,0.70
-,-,0.49,0.71
-,-,0.49,0.72
L,2,0.49,0.72
-,-,0.49,0.73
-,-,0.49,0.74
-,-,0.49,0.75
-,-,0.49,0.75
-,-,0.49,0.76
-,-,0.49,0.77
-,-,0.49,0.78
-,-,0.49,0.78
-,-,0.49,0.79
-,-,0.49,0.80
-,-,0.49,0.80
-,-,0.50,0.81
-,-,0.50,0.82
-,-,0.50,0.82
-,-,0.50,0.83
-,-,0.51,0.84
-,-,0.51,0.84
-,-,0.51,0.85
-,-,0.52,0.86
-,-,0.52,0.86
-,-,0.52,0.87
-,-,0.53,0.87
-,-,0.53,0.88
-,-,0.54,0.89
-,-,0.54,0.89
-,-,0.55,0.90
-,-,0.55,0.90
-,-,0.56,0.91
-,-,0.56,0.91
-,-,0.57,0.92
-,-,0.57,0.93
-,-,0.58,0.93
-,-,0.58,0.94
-,-,0.59,0.94
-,-,0.60,0.95
-,-,0.60,0.95
-,-,0.61,0.96
-,-,0.61,0.96
-,-,0.62,0.97
-,-,0.62,0.98
-,-,0.63,0.98
-,-,0.64,0.99
-,-,0.64,0.99
-,-,0.65,1.00
-,-,0.65,1.01
-,-,0.66,1.01
-,-,0.66,1.02
-,-,0.67,1.02
-,-,0.67,1.03
-,-,0.68,1.03
-,-,0.69,1.04
-,-,0.69,1.05
-,-,0.70,1.05
-,-,0.70,1.06
-,-,0.71,1.06
-,-,0.71,1.07
-,-,0.72,1.07
-,-,0.73,1.08
-,-,0.73,1.09
-,-,0.74,1.09
-,-,0.74,1.10
-,-,0.75,1.10
-,-,0.75,1.11
-,-,0.76,1.12
-,-,0.76,1.12
-,-,0.77,1.13
-,-,0.78,1.13
-,-,0.78,1.14
-,-,0.79,1.14
-,-,0.79,1.15
-,-,0.80,1.16
-,-,0.81,1.16
-,-,0.81,1.17
-,-,0.82,1.17
-,-,0.82,1.18
-,-,0.83,1.19
-,-,0.84,1.19
-,-,0.84,1.20
-,-,0.85,1.21
-,-,0.85,1.21
-,-,0.86,1.22
-,-,0.87,1.22
-,-,0.87,1.23
-,-,0.88,1.24
-,-,0.89,1.24
-,-,0.89,1.25
-,-,0.90,1.25
-,-,0.91,1.26
-,-,0.91,1.27
-,-,0.92,1.27
-,-,0.92,1.28
-,-,0.93,1.29
-,-,0.94,1.29
-,-,0.94,1.30
-,-,0.95,1.30
-,-,0.96,1.31
-,-,0.96,1.32
-,-,0.97,1.32
-,-,0.97,1.33
-,-,0.98,1.33
-,-,0.99,1.34
-,-,0.99,1.34
-,-,1.00,1.35
-,-,1.00,1.36
-,-,1.01,1.36
-,-,1.02,1.37
-,-,1.02,1.38
-,-,1.03,1.38
-,-,1.04,1.39
-,-,1.04,1.39
-,-,1.05,1.40
-,-,1.05,1.41
-,-,1.06,1.41
-,-,1.07,1.42
-,-,1.07,1.43
-,-,1.08,1.43
-,-,1.09,1.44
-,-,1.09,1.45
-,-,1.10,1.45
-,-,1.11,1.46
-,-,1.11,1.46
-,-,1.12,1.47
-,-,1.13,1.48
-,-,1.14,1.48
-,-,1.14,1.49
-,-,1.15,1.50
-,-,1.15,1.50
-,-,1.16,1.51
-,-,1.17,1.51
-,-,1.17,1.52
-,-,1.18,1.53
-,-,1.18,1.53
-,-,1.19,1.54
-,-,1.20,1.55
-,-,1.20,1.55
-,-,1.21,1.56
-,-,1.21,1.56
-,-,1.22,1.57
-,-,1.23,1.58
-,-,1.23,1.58
-,-,1.24,1.59
-,-,1.24,1.59
-,-,1.25,1.60
-,-,1.26,1.60
-,-,1.26,1.61
-,-,1.27,1.61
-,-,1.27,1.62
-,-,1.28,1.62
-,-,1.29,1.63
-,-,1.29,1.64
-,-,1.30,1.64
-,-,1.31,1.65
-,-,1.31,1.65
-,-,1.32,1.66
-,-,1.32,1.67
-,-,1.33,1.67
-,-,1.33,1.68
-,-,1.34,1.69
-,-,1.35,1.69
-,-,1.35,1.70
-,-,1.36,1.70
-,-,1.36,1.71
-,-,1.37,1.71
-,-,1.37,1.72
-,-,1.38,1.72
-,-,1.38,1.73
-,-,1.39,1.73
-,-,1.39,1.74
-,-,1.40,1.75
-,-,1.41,1.75
-,-,1.41,1.76
-,-,1.42,1.76
-,-,1.42,1.77
-,-,1.43,1.77
-,-,1.43,1.78
-,-,1.44,1.78
-,-,1.44,1.79
-,-,1.45,1.80
-,-,1.45,1.80
-,-,1.46,1.81
-,-,1.46,1.81
-,-,1.47,1.82
-,-,1.47,1.82
-,-,1.48,1.83
-,-,1.48,1.83
-,-,1.49,1.84
-,-,1.50,1.85
-,-,1.50,1.85
-,-,1.51,1.86
-,-,1.51,1.86
-,-,1.52,1.87
-,-,1.52,1.87
-,-,1.52,1.88
-,-,1.53,1.88
-,-,1.53,1.89
-,-,1.54,1.89
-,-,1.54,1.90
-,-,1.55,1.90
-,-,1.55,1.91
-,-,1.56,1.91
-,-,1.56,1.92
-,-,1.57,1.92
-,-,1.57,1.93
-,-,1.58,1.93
-,-,1.59,1.94
-,-,1.59,1.94
-,-,1.60,1.95
-,-,1.60,1.95
-,-,1.61,1.96
-,-,1.61,1.96
-,-,1.62,1.97
-,-,1.62,1.97
-,-,1.63,1.98
-,-,1.63,1.98
-,-,1.64,1.99
-,-,1.65,1.99
-,-,1.65,2.00
-,-,1.66,2.01
-,-,1.66,2.01
-,-,1.67,2.02
-,-,1.68,2.02
-,-,1.68,2.03
-,-,1.69,2.03
-,-,1.69,2.04
-,-,1.70,2.04
-,-,1.70,2.05
-,-,1.71,2.05
-,-,1.71,2.06
-,-,1.72,2.06
-,-,1.72,2.07
-,-,1.73,2.08
-,-,1.73,2.08
-,-,1.74,2.09
-,-,1.75,2.09
-,-,1.75,2.10
-,-,1.76,2.10
-,-,1.76,2.11
-,-,1.77,2.12
-,-,1.78,2.12
-,-,1.78,2.13
-,-,1.79,2.13
-,-,1.79,2.14
-,-,1.80,2.15
-,-,1.81,2.15
-,-,1.81,2.16
-,-,1.82,2.17
-,-,1.83,2.17
-,-,1.83,2.18
-,-,1.84,2.18
-,-,1.85,2.19
-,-,1.85,2.20
-,-,1.86,2.20
-,-,1.87,2.21
-,-,1.87,2.22
-,-,1.88,2.22
-,-,1.89,2.23
-,-,1.89,2.24
-,-,1.90,2.24
-,-,1.91,2.25
-,-,1.91,2.26
-,-,1.92,2.26
-,-,1.93,2.27
-,-,1.93,2.28
-,-,1.94,2.28
-,-,1.94,2.29
-,-,1.95,2.29
-,-,1.96,2.30
-,-,1.96,2.31
-,-,1.97,2.31
-,-,1.98,2.32
-,-,1.98,2.32
-,-,1.99,2.33
-,-,2.00,2.34
-,-,2.00,2.34
-,-,2.01,2.35
-,-,2.01,2.36
-,-,2.02,2.36
-,-,2.03,2.37
-,-,2.03,2.38
-,-,2.04,2.38
-,-,2.05,2.39
-,-,2.05,2.39
-,-,2.06,2.40
-,-,2.07,2.41
-,-,2.07,2.41
-,-,2.08,2.42
-,-,2.09,2.43
-,-,2.09,2.43
-,-,2.10,2.44
-,-,2.10,2.45
L,3,2.11,2.45
-,-,2.11,2.46
-,-,2.11,2.47
-,-,2.12,2.48
-,-,2.12,2.48
-,-,2.12,2.49
-,-,2.12,2.50
-,-,2.13,2.51
-,-,2.13,2.51
-,-,2.13,2.52
-,-,2.13,2.53
-,-,2.14,2.53
-,-,2.14,2.54
-,-,2.14,2.55
-,-,2.14,2.55
-,-,2.15,2.56
-,-,2.15,2.57
-,-,2.15,2.57
-,-,2.15,2.58
-,-,2.15,2.59
-,-,2.15,2.60
-,-,2.15,2.60
-,-,2.15,2.61
-,-,2.16,2.62
-,-,2.16,2.63
-,-,2.16,2.63
-,-,2.16,2.64
-,-,2.16,2.65
-,-,2.16,2.66
-,-,2.16,2.66
-,-,2.17,2.67
-,-,2.17,2.68
-,-,2.17,2.69
-,-,2.17,2.69
-,-,2.18,2.70
-,-,2.18,2.71
-,-,2.18,2.71
-,-,2.19,2.72
-,-,2.19,2.73
-,-,2.19,2.74
L,4,2.19,2.74
-,-,2.20,2.75
-,-,2.20,2.76
-,-,2.20,2.77
-,-,2.20,2.77
-,-,2.21,2.78
-,-,2.21,2.79
-,-,2.21,2.79
-,-,2.21,2.80
-,-,2.22,2.81
-,-,2.22,2.81
-,-,2.22,2.82
-,-,2.22,2.83
-,-,2.22,2.83
-,-,2.23,2.84
-,-,2.23,2.85
-,-,2.23,2.85
-,-,2.23,2.86
-,-,2.23,2.87
-,-,2.23,2.87
-,-,2.23,2.88
-,-,2.23,2.89
-,-,2.23,2.90
-,-,2.24,2.90
-,-,2.24,2.91
-,-,2.24,2.91
-,-,2.24,2.92
-,-,2.24,2.93
-,-,2.24,2.93
-,-,2.25,2.94
-,-,2.25,2.95
-,-,2.25,2.95
-,-,2.25,2.96
-,-,2.26,2.97
-,-,2.26,2.97
-,-,2.26,2.98
-,-,2.27,2.99
-,-,2.27,2.99
-,-,2.28,3.00
-,-,2.28,3.00
-,-,2.29,3.01
-,-,2.30,3.02
-,-,2.30,3.02
-,-,2.31,3.03
-,-,2.31,3.03
-,-,2.32,3.04
-,-,2.33,3.04
-,-,2.33,3.05
-,-,2.34,3.05
-,-,2.35,3.06
-,-,2.35,3.07
-,-,2.36,3.07
-,-,2.37,3.08
-,-,2.37,3.08
-,-,2.38,3.09
-,-,2.38,3.10
-,-,2.39,3.10
-,-,2.40,3.11
-,-,2.40,3.11
-,-,2.41,3.12
-,-,2.42,3.12
-,-,2.42,3.13
-,-,2.43,3.14
-,-,2.43,3.14
-,-,2.44,3.15
-,-,2.45,3.15
-,-,2.45,3.16
-,-,2.46,3.17
-,-,2.46,3.17
-,-,2.47,3.18
-,-,2.48,3.18
-,-,2.48,3.19
-,-,2.49,3.19
-,-,2.49,3.20
-,-,2.50,3.21
-,-,2.50,3.21
-,-,2.51,3.22
R,2,2.51,3.22
-,-,2.52,3.23
-,-,2.53,3.23
-,-,2.53,3.24
-,-,2.54,3.24
-,-,2.54,3.25
-,-,2.55,3.25
-,-,2.55,3.26
-,-,2.56,3.27
-,-,2.57,3.27
-,-,2.57,3.28
-,-,2.58,3.28
-,-,2.58,3.29
-,-,2.59,3.29
-,-,2.60,3.30
-,-,2.60,3.31
-,-,2.61,3.31
-,-,2.61,3.32
-,-,2.62,3.32
-,-,2.63,3.33
-,-,2.63,3.33
-,-,2.64,3.34
-,-,2.64,3.34
-,-,2.65,3.35
-,-,2.65,3.36
-,-,2.66,3.36
-,-,2.67,3.37
-,-,2.67,3.37
-,-,2.68,3.38
-,-,2.68,3.39
-,-,2.69,3.39
-,-,2.69,3.40
-,-,2.70,3.41
-,-,2.70,3.41
-,-,2.71,3.42
-,-,2.72,3.42
-,-,2.72,3.43
-,-,2.73,3.44
-,-,2.73,3.44
-,-,2.74,3.45
-,-,2.75,3.45
-,-,2.75,3.46
-,-,2.76,3.47
-,-,2.77,3.47
-,-,2.77,3.48
-,-,2.78,3.49
-,-,2.78,3.49
-,-,2.79,3.50
-,-,2.80,3.51
-,-,2.80,3.51
-,-,2.81,3.52
-,-,2.82,3.53
-,-,2.82,3.53
-,-,2.83,3.54
-,-,2.84,3.54
-,-,2.84,3.55
-,-,2.85,3.56
-,-,2.86,3.56
-,-,2.86,3.57
-,-,2.87,3.58
-,-,2.88,3.58
-,-,2.88,3.59
-,-,2.89,3.60
-,-,2.90,3.60
-,-,2.91,3.61
-,-,2.91,3.61
-,-,2.92,3.62
-,-,2.92,3.63
-,-,2.93,3.63
-,-,2.94,3.64
-,-,2.94,3.65
-,-,2.95,3.65
-,-,2.96,3.66
-,-,2.96,3.67
-,-,2.97,3.67
-,-,2.98,3.68
-,-,2.98,3.69
-,-,2.99,3.69
-,-,3.00,3.70
-,-,3.00,3.71
-,-,3.01,3.71
-,-,3.01,3.72
-,-,3.02,3.72
-,-,3.03,3.73
-,-,3.03,3.73
-,-,3.04,3.74
-,-,3.05,3.75
-,-,3.05,3.75
-,-,3.06,3.76
-,-,3.06,3.76
-,-,3.07,3.77
-,-,3.07,3.78
-,-,3.08,3.78
-,-,3.09,3.79
-,-,3.09,3.79
-,-,3.10,3.80
-,-,3.11,3.81
-,-,3.11,3.81
-,-,3.12,3.82
-,-,3.13,3.83
-,-,3.13,3.83
-,-,3.14,3.84
-,-,3.15,3.84
-,-,3.15,3.85
-,-,3.16,3.86
-,-,3.16,3.86
-,-,3.17,3.87
-,-,3.18,3.87
-,-,3.18,3.88
-,-,3.19,3.89
-,-,3.19,3.89
-,-,3.20,3.90
-,-,3.21,3.91
-,-,3.21,3.91
-,-,3.22,3.92
-,-,3.22,3.93
-,-,3.23,3.93
-,-,3.24,3.94
-,-,3.24,3.94
-,-,3.25,3.95
-,-,3.25,3.96
-,-,3.26,3.96
-,-,3.27,3.97
-,-,3.27,3.97
-,-,3.28,3.98
-,-,3.29,3.99
-,-,3.29,3.99
-,-,3.30,4.00
-,-,3.30,4.00
-,-,3.31,4.01
-,-,3.31,4.01
-,-,3.32,4.02
-,-,3.33,4.02
-,-,3.33,4.03
-,-,3.34,4.04
-,-,3.34,4.04
-,-,3.35,4.05
-,-,3.36,4.05
-,-,3.36,4.06
-,-,3.37,4.07
-,-,3.37,4.07
-,-,3.38,4.08
-,-,3.39,4.08
-,-,3.39,4.09
-,-,3.40,4.10
-,-,3.40,4.10
-,-,3.41,4.11
-,-,3.42,4.12
-,-,3.42,4.12
-,-,3.43,4.13
-,-,3.44,4.13
-,-,3.44,4.14
R,3,3.45,4.15
-,-,3.45,4.15
-,-,3.46,4.16
-,-,3.47,4.16
-,-,3.47,4.17
-,-,3.48,4.18
-,-,3.49,4.18
-,-,3.49,4.19
-,-,3.50,4.20
-,-,3.50,4.20
-,-,3.51,4.21
-,-,3.52,4.21
-,-,3.52,4.22
-,-,3.53,4.22
-,-,3.53,4.23
-,-,3.54,4.23
-,-,3.55,4.24
-,-,3.55,4.25
-,-,3.56,4.25
-,-,3.56,4.26
-,-,3.57,4.26
-,-,3.58,4.27
-,-,3.58,4.28
-,-,3.59,4.28
-,-,3.60,4.29
-,-,3.60,4.30
-,-,3.61,4.30
-,-,3.61,4.31
-,-,3.62,4.31
-,-,3.63,4.32
-,-,3.63,4.33
-,-,3.64,4.33
-,-,3.64,4.34
-,-,3.65,4.34
-,-,3.65,4.35
-,-,3.66,4.35
-,-,3.67,4.36
-,-,3.67,4.37
-,-,3.68,4.37
-,-,3.68,4.38
-,-,3.69,4.39
-,-,3.70,4.39
-,-,3.70,4.40
-,-,3.71,4.40
-,-,3.72,4.41
-,-,3.72,4.41
-,-,3.73,4.42
-,-,3.73,4.43
-,-,3.74,4.43
-,-,3.75,4.44
-,-,3.75,4.44
-,-,3.76,4.45
-,-,3.77,4.45
-,-,3.77,4.46
-,-,3.78,4.47
-,-,3.78,4.47
-,-,3.79,4.48
-,-,3.80,4.48
-,-,3.80,4.49
-,-,3.81,4.50
-,-,3.81,4.50
L,5,3.82,4.51
-,-,3.82,4.52
-,-,3.83,4.52
-,-,3.83,4.53
-,-,3.83,4.53
-,-,3.84,4.54
-,-,3.84,4.55
-,-,3.84,4.55
-,-,3.85,4.56
-,-,3.85,4.57
-,-,3.85,4.57
-,-,3.85,4.58
-,-,3.86,4.59
-,-,3.86,4.59
-,-,3.86,4.60
-,-,3.86,4.61
-,-,3.86,4.62
-,-,3.87,4.62
-,-,3.87,4.63
-,-,3.87,4.63
-,-,3.87,4.64
-,-,3.87,4.65
-,-,3.88,4.65
-,-,3.88,4.66
-,-,3.88,4.67
-,-,3.88,4.67
-,-,3.88,4.68
-,-,3.89,4.69
-,-,3.89,4.69
-,-,3.89,4.70
-,-,3.89,4.71
-,-,3.90,4.71
-,-,3.90,4.72
-,-,3.90,4.73
-,-,3.90,4.73
-,-,3.90,4.74
-,-,3.91,4.75
-,-,3.91,4.75
-,-,3.91,4.76
-,-,3.91,4.77
-,-,3.91,4.77
-,-,3.91,4.78
-,-,3.92,4.79
-,-,3.92,4.79
-,-,3.92,4.80
-,-,3.92,4.80
-,-,3.92,4.81
-,-,3.92,4.82
-,-,3.92,4.82
-,-,3.93,4.83
-,-,3.93,4.84
-,-,3.93,4.84
-,-,3.93,4.85
-,-,3.93,4.85
-,-,3.93,4.86
-,-,3.93,4.87
-,-,3.94,4.87
-,-,3.94,4.88
-,-,3.94,4.89
-,-,3.94,4.90
-,-,3.94,4.90
-,-,3.94,4.91
-,-,3.94,4.92
-,-,3.94,4.93
-,-,3.94,4.93
-,-,3.94,4.94
L,6,3.94,4.95
-,-,3.94,4.95
-,-,3.95,4.96
-,-,3.95,4.97
-,-,3.95,4.97
-,-,3.95,4.98
-,-,3.96,4.99
-,-,3.96,4.99
-,-,3.97,5.00
-,-,3.97,5.01
-,-,3.97,5.01
-,-,3.98,5.02
-,-,3.98,5.02
-,-,3.99,5.03
-,-,3.99,5.03
-,-,4.00,5.04
-,-,4.01,5.05
-,-,4.01,5.05
-,-,4.02,5.06
-,-,4.02,5.07
-,-,4.03,5.07
-,-,4.03,5.08
-,-,4.04,5.09
-,-,4.04,5.09
-,-,4.05,5.10
-,-,4.06,5.11
-,-,4.06,5.11
-,-,4.07,5.12
-,-,4.07,5.12
-,-,4.08,5.13
-,-,4.09,5.14
-,-,4.09,5.14
-,-,4.10,5.15
-,-,4.10,5.16
-,-,4.11,5.16
-,-,4.12,5.17
-,-,4.12,5.17
-,-,4.13,5.18
-,-,4.13,5.19
-,-,4.14,5.19
-,-,4.15,5.20
-,-,4.15,5.21
-,-,4.16,5.21
-,-,4.16,5.22
-,-,4.17,5.22
-,-,4.18,5.23
-,-,4.18,5.24
-,-,4.19,5.24
-,-,4.19,5.25
-,-,4.20,5.25
-,-,4.21,5.26
-,-,4.21,5.27
-,-,4.22,5.27
-,-,4.23,5.28
-,-,4.23,5.28
-,-,4.24,5.29
-,-,4.24,5.30
-,-,4.25,5.30
-,-,4.26,5.31
-,-,4.26,5.32
-,-,4.27,5.32
-,-,4.28,5.33
-,-,4.28,5.33
-,-,4.29,5.34
-,-,4.29,5.35
-,-,4.30,5.35
-,-,4.31,5.36
-,-,4.31,5.36
-,-,4.32,5.37
-,-,4.32,5.38
-,-,4.33,5.38
-,-,4.34,5.39
-,-,4.34,5.39
-,-,4.35,5.40
-,-,4.35,5.41
-,-,4.36,5.41
-,-,4.37,5.42
-,-,4.37,5.42
-,-,4.38,5.43
-,-,4.38,5.44
-,-,4.39,5.44
-,-,4.40,5.45
-,-,4.40,5.45
-,-,4.41,5.46
-,-,4.41,5.47
-,-,4.42,5.47
-,-,4.43,5.48
-,-,4.43,5.49
-,-,4.44,5.49
-,-,4.45,5.50
-,-,4.45,5.50
-,-,4.46,5.51
-,-,4.46,5.52
-,-,4.47,5.52
-,-,4.48,5.53
-,-,4.48,5.54
-,-,4.49,5.54
-,-,4.50,5.55
-,-,4.50,5.55
-,-,4.51,5.56
-,-,4.51,5.57
-,-,4.52,5.57
-,-,4.53,5.58
-,-,4.53,5.59
-,-,4.54,5.59
-,-,4.55,5.60
-,-,4.56,5.61
-,-,4.56,5.61
-,-,4.57,5.62
-,-,4.58,5.62
-,-,4.58,5.63
-,-,4.59,5.64
-,-,4.60,5.64
-,-,4.60,5.65
-,-,4.61,5.66
-,-,4.61,5.66
-,-,4.62,5.67
-,-,4.63,5.67
-,-,4.63,5.68
-,-,4.64,5.69
-,-,4.64,5.69
-,-,4.65,5.70
-,-,4.65,5.70
-,-,4.66,5.71
-,-,4.67,5.72
-,-,4.67,5.72
-,-,4.68,5.73
-,-,4.68,5.73
-,-,4.69,5.74
-,-,4.70,5.74
-,-,4.70,5.75
-,-,4.71,5.75
-,-,4.71,5.76
-,-,4.72,5.76
-,-,4.73,5.77
-,-,4.73,5.77
-,-,4.74,5.78
-,-,4.74,5.78
-,-,4.75,5.79
-,-,4.75,5.80
-,-,4.76,5.80
-,-,4.77,5.81
-,-,4.77,5.82
-,-,4.78,5.82
-,-,4.78,5.83
-,-,4.79,5.83
-,-,4.79,5.84
-,-,4.80,5.84
-,-,4.81,5.85
-,-,4.81,5.86
-,-,4.82,5.86
-,-,4.82,5.87
-,-,4.83,5.87
-,-,4.83,5.88
-,-,4.84,5.88
-,-,4.84,5.89
-,-,4.85,5.89
-,-,4.86,5.90
-,-,4.86,5.91
-,-,4.87,5.91
-,-,4.87,5.92
-,-,4.88,5.92
-,-,4.88,5.93
-,-,4.89,5.93
-,-,4.89,5.94
-,-,4.90,5.94
-,-,4.90,5.95
-,-,4.91,5.95
-,-,4.91,5.96
-,-,4.92,5.96
-,-,4.92,5.97
-,-,4.93,5.97
-,-,4.93,5.98
-,-,4.94,5.98
-,-,4.94,5.99
-,-,4.94,6.00
-,-,4.95,6.00
-,-,4.95,6.01
-,-,4.96,6.01
-,-,4.96,6.02
-,-,4.97,6.02
-,-,4.97,6.03
-,-,4.98,6.03
-,-,4.98,6.04
-,-,4.99,6.04
-,-,4.99,6.05
-,-,5.00,6.05
-,-,5.00,6.05
-,-,5.01,6.06
-,-,5.01,6.06
-,-,5.02,6.07
-,-,5.02,6.07
-,-,5.03,6.08
-,-,5.03,6.08
-,-,5.04,6.09
-,-,5.04,6.09
-,-,5.05,6.10
-,-,5.05,6.10
-,-,5.06,6.11
-,-,5.07,6.11
-,-,5.07,6.12
-,-,5.08,6.12
-,-,5.08,6.13
-,-,5.09,6.13
-,-,5.09,6.14
-,-,5.10,6.14
-,-,5.10,6.15
-,-,5.11,6.15
-,-,5.12,6.16
-,-,5.12,6.16
-,-,5.13,6.17
-,-,5.13,6.17
-,-,5.14,6.18
-,-,5.14,6.18
-,-,5.15,6.19
-,-,5.15,6.20
-,-,5.16,6.20
-,-,5.16,6.21
-,-,5.17,6.21
-,-,5.17,6.22
-,-,5.18,6.22
-,-,5.18,6.23
-,-,5.19,6.23
-,-,5.20,6.24
-,-,5.20,6.25
-,-,5.21,6.25
-,-,5.21,6.26
-,-,5.22,6.26
-,-,5.23,6.27
-,-,5.23,6.28
-,-,5.24,6.28
-,-,5.24,6.29
-,-,5.25,6.29
-,-,5.26,6.30
-,-,5.26,6.31
-,-,5.27,6.31
-,-,5.28,6.32
-,-,5.28,6.32
-,-,5.29,6.33
-,-,5.29,6.34
-,-,5.30,6.34
-,-,5.31,6.35
-,-,5.31,6.35
-,-,5.32,6.36
-,-,5.32,6.37
-,-,5.33,6.37
-,-,5.34,6.38
-,-,5.34,6.39
-,-,5.35,6.39
-,-,5.36,6.40
-,-,5.36,6.40
-,-,5.37,6.41
-,-,5.37,6.42
-,-,5.38,6.42
-,-,5.39,6.43
-,-,5.39,6.43
-,-,5.40,6.44
-,-,5.41,6.44
-,-,5.41,6.45
-,-,5.42,6.45
-,-,5.42,6.46
-,-,5.43,6.47
-,-,5.44,6.47
-,-,5.44,6.48
-,-,5.45,6.48
-,-,5.45,6.49
-,-,5.46,6.50
-,-,5.47,6.50
-,-,5.47,6.51
-,-,5.48,6.51
-,-,5.48,6.52
-,-,5.49,6.53
-,-,5.49,6.53
-,-,5.50,6.54
-,-,5.51,6.54
-,-,5.51,6.55
-,-,5.52,6.56
-,-,5.52,6.56
-,-,5.53,6.57
-,-,5.53,6.57
-,-,5.54,6.58
-,-,5.54,6.59
-,-,5.55,6.60
-,-,5.55,6.60
-,-,5.56,6.61
L,7,5.56,6.62
-,-,5.56,6.62
-,-,5.57,6.63
-,-,5.57,6.64
-,-,5.57,6.64
-,-,5.58,6.65
-,-,5.58,6.66
-,-,5.58,6.66
-,-,5.58,6.67
-,-,5.58,6.68
-,-,5.59,6.69
-,-,5.59,6.69
-,-,5.59,6.70
-,-,5.59,6.71
-,-,5.60,6.71
-,-,5.60,6.72
-,-,5.60,6.73
-,-,5.60,6.73
-,-,5.61,6.74
-,-,5.61,6.75
-,-,5.61,6.75
-,-,5.61,6.76
-,-,5.61,6.77
-,-,5.61,6.77
-,-,5.62,6.78
-,-,5.62,6.79
-,-,5.62,6.80
-,-,5.62,6.80
-,-,5.62,6.81
-,-,5.63,6.82
-,-,5.63,6.83
-,-,5.63,6.83
-,-,5.63,6.84
-,-,5.63,6.85
-,-,5.63,6.85
-,-,5.64,6.86
-,-,5.64,6.87
-,-,5.64,6.87
-,-,5.64,6.88
-,-,5.64,6.89
-,-,5.65,6.90
-,-,5.65,6.90
L,8,5.65,6.91
-,-,5.65,6.92
-,-,5.65,6.92
-,-,5.66,6.93
-,-,5.66,6.94
-,-,5.66,6.94
-,-,5.66,6.95
-,-,5.66,6.96
-,-,5.67,6.96
-,-,5.67,6.97
-,-,5.67,6.98
-,-,5.67,6.98
-,-,5.67,6.99
-,-,5.67,7.00
-,-,5.68,7.00
-,-,5.68,7.01
-,-,5.68,7.02
-,-,5.68,7.02
-,-,5.68,7.03
-,-,5.68,7.04
-,-,5.69,7.04
-,-,5.69,7.05
-,-,5.69,7.06
-,-,5.69,7.06
-,-,5.69,7.07
-,-,5.70,7.07
-,-,5.70,7.08
-,-,5.70,7.09
-,-,5.70,7.09
-,-,5.71,7.10
-,-,5.71,7.11
-,-,5.71,7.11
-,-,5.72,7.12
-,-,5.72,7.13
-,-,5.72,7.13
-,-,5.73,7.14
-,-,5.74,7.14
-,-,5.74,7.15
-,-,5.75,7.16
-,-,5.75,7.16
-,-,5.76,7.17
-,-,5.77,7.17
-,-,5.77,7.18
-,-,5.78,7.19
-,-,5.78,7.19
-,-,5.79,7.20
-,-,5.80,7.20
-,-,5.80,7.21
-,-,5.81,7.22
-,-,5.82,7.22
-,-,5.82,7.23
-,-,5.83,7.23
-,-,5.83,7.24
-,-,5.84,7.25
-,-,5.85,7.25
-,-,5.85,7.26
-,-,5.86,7.26
-,-,5.87,7.27
-,-,5.87,7.28
-,-,5.88,7.28
-,-,5.88,7.29
-,-,5.89,7.29
-,-,5.89,7.30
-,-,5.90,7.31
-,-,5.91,7.31
-,-,5.91,7.32
-,-,5.92,7.32
-,-,5.92,7.33
-,-,5.93,7.33
-,-,5.93,7.34
-,-,5.94,7.35
-,-,5.95,7.35
-,-,5.95,7.36
-,-,5.96,7.36
-,-,5.96,7.37
R,4,5.97,7.37
-,-,5.97,7.38
-,-,5.98,7.39
-,-,5.98,7.39
-,-,5.99,7.40
-,-,6.00,7.40
-,-,6.00,7.41
-,-,6.01,7.42
-,-,6.01,7.42
-,-,6.02,7.43
-,-,6.03,7.43
-,-,6.03,7.44
-,-,6.04,7.44
-,-,6.04,7.45
-,-,6.05,7.45
-,-,6.05,7.46
-,-,6.06,7.46
-,-,6.07,7.47
-,-,6.07,7.47
-,-,6.08,7.48
-,-,6.08,7.49
-,-,6.09,7.49
-,-,6.09,7.50
-,-,6.10,7.50
-,-,6.11,7.51
-,-,6.11,7.52
-,-,6.12,7.52
-,-,6.12,7.53
-,-,6.13,7.53
-,-,6.13,7.54
-,-,6.14,7.54
-,-,6.15,7.55
-,-,6.15,7.56
-,-,6.16,7.56
-,-,6.16,7.57
-,-,6.17,7.57
-,-,6.17,7.58
-,-,6.18,7.59
-,-,6.19,7.59
-,-,6.19,7.60
-,-,6.20,7.60
-,-,6.20,7.61
-,-,6.21,7.62
-,-,6.22,7.62
-,-,6.22,7.63
-,-,6.23,7.64
-,-,6.23,7.64
-,-,6.24,7.65
-,-,6.25,7.66
-,-,6.25,7.66
-,-,6.26,7.67
-,-,6.27,7.67
-,-,6.27,7.68
-,-,6.28,7.69
-,-,6.29,7.69
-,-,6.29,7.70
-,-,6.30,7.71
-,-,6.31,7.71
-,-,6.31,7.72
-,-,6.32,7.72
-,-,6.33,7.73
-,-,6.34,7.74
-,-,6.34,7.74
-,-,6.35,7.75
-,-,6.36,7.76
-,-,6.36,7.76
-,-,6.37,7.77
-,-,6.37,7.77
-,-,6.38,7.78
-,-,6.39,7.79
-,-,6.39,7.79
-,-,6.40,7.80
-,-,6.41,7.81
-,-,6.41,7.81
-,-,6.42,7.82
-,-,6.43,7.83
-,-,6.43,7.83
-,-,6.44,7.84
-,-,6.45,7.85
-,-,6.45,7.85
-,-,6.46,7.86
-,-,6.46,7.86
-,-,6.47,7.87
-,-,6.48,7.88
-,-,6.48,7.88
-,-,6.49,7.89
-,-,6.49,7.89
-,-,6.50,7.90
-,-,6.51,7.91
-,-,6.51,7.91
-,-,6.52,7.92
-,-,6.52,7.92
-,-,6.53,7.93
-,-,6.54,7.94
-,-,6.54,7.94
-,-,6.55,7.95
-,-,6.56,7.95
-,-,6.56,7.96
-,-,6.57,7.97
-,-,6.57,7.97
-,-,6.58,7.98
-,-,6.59,7.98
-,-,6.59,7.99
-,-,6.60,8.00
-,-,6.61,8.00
-,-,6.61,8.01
-,-,6.62,8.02
-,-,6.63,8.02
-,-,6.63,8.03
-,-,6.64,8.03
-,-,6.64,8.04
-,-,6.65,8.05
-,-,6.66,8.05
-,-,6.66,8.06
-,-,6.67,8.06
-,-,6.67,8.07
-,-,6.68,8.08
-,-,6.69,8.08
-,-,6.69,8.09
-,-,6.70,8.09
-,-,6.70,8.10
-,-,6.71,8.11
-,-,6.71,8.11
-,-,6.72,8.12
-,-,6.72,8.12
-,-,6.73,8.13
-,-,6.74,8.14
-,-,6.74,8.14
-,-,6.75,8.15
-,-,6.75,8.15
-,-,6.76,8.16
-,-,6.76,8.16
-,-,6.77,8.17
-,-,6.77,8.17
-,-,6.78,8.18
-,-,6.79,8.18
-,-,6.79,8.19
-,-,6.80,8.20
-,-,6.80,8.20
-,-,6.81,8.21
-,-,6.82,8.21
-,-,6.82,8.22
-,-,6.83,8.23
-,-,6.83,8.23
-,-,6.84,8.24
-,-,6.84,8.24
-,-,6.85,8.25
-,-,6.86,8.26
-,-,6.86,8.26
-,-,6.87,8.27
-,-,6.87,8.27
-,-,6.88,8.28
-,-,6.89,8.29
-,-,6.89,8.29
R,5,6.90,8.30
-,-,6.91,8.30
-,-,6.91,8.31
-,-,6.92,8.32
-,-,6.92,8.32
-,-,6.93,8.33
-,-,6.94,8.33
-,-,6.94,8.34
-,-,6.95,8.35
-,-,6.95,8.35
-,-,6.96,8.36
-,-,6.97,8.36
-,-,6.97,8.37
-,-,6.98,8.37
-,-,6.99,8.38
-,-,6.99,8.39
-,-,7.00,8.39
-,-,7.00,8.40
-,-,7.01,8.41
-,-,7.02,8.41
-,-,7.02,8.42
-,-,7.03,8.42
-,-,7.04,8.43
-,-,7.04,8.44
-,-,7.05,8.44
-,-,7.05,8.45
-,-,7.06,8.45
-,-,7.07,8.46
-,-,7.07,8.47
-,-,7.08,8.47
-,-,7.08,8.48
-,-,7.09,8.48
-,-,7.10,8.49
-,-,7.10,8.49
-,-,7.11,8.50
-,-,7.11,8.51
-,-,7.12,8.51
-,-,7.13,8.52
-,-,7.13,8.52
-,-,7.14,8.53
-,-,7.14,8.54
-,-,7.15,8.54
-,-,7.16,8.55
-,-,7.16,8.55
-,-,7.17,8.56
-,-,7.17,8.56
-,-,7.18,8.57
-,-,7.19,8.58
-,-,7.19,8.58
-,-,7.20,8.59
-,-,7.20,8.59
-,-,7.21,8.60
-,-,7.22,8.61
-,-,7.22,8.61
-,-,7.23,8.62
-,-,7.23,8.62
-,-,7.24,8.63
-,-,7.24,8.63
-,-,7.25,8.64
-,-,7.26,8.64
-,-,7.26,8.65
L,9,7.27,8.66
-,-,7.27,8.66
-,-,7.27,8.67
-,-,7.28,8.67
-,-,7.28,8.68
-,-,7.29,8.69
-,-,7.29,8.69
-,-,7.29,8.70
-,-,7.30,8.71
-,-,7.30,8.71
-,-,7.30,8.72
-,-,7.30,8.73
-,-,7.31,8.74
-,-,7.31,8.74
-,-,7.31,8.75
-,-,7.31,8.76
-,-,7.31,8.76
-,-,7.32,8.77
-,-,7.32,8.78
-,-,7.32,8.78
-,-,7.32,8.79
-,-,7.33,8.80
-,-,7.33,8.80
-,-,7.33,8.81
-,-,7.33,8.81
-,-,7.33,8.82
-,-,7.34,8.83
-,-,7.34,8.83
-,-,7.34,8.84
-,-,7.34,8.85
-,-,7.34,8.85
-,-,7.34,8.86
-,-,7.35,8.87
-,-,7.35,8.87
-,-,7.35,8.88
-,-,7.35,8.89
-,-,7.35,8.89
-,-,7.36,8.90
-,-,7.36,8.91
-,-,7.36,8.91
-,-,7.36,8.92
-,-,7.36,8.93
-,-,7.36,8.93
-,-,7.36,8.94
-,-,7.37,8.95
-,-,7.37,8.95
-,-,7.37,8.96
-,-,7.37,8.96
-,-,7.37,8.97
-,-,7.37,8.98
-,-,7.38,8.98
-,-,7.38,8.99
-,-,7.38,9.00
-,-,7.38,9.00
-,-,7.38,9.01
-,-,7.38,9.02
-,-,7.38,9.03
-,-,7.38,9.03
-,-,7.38,9.04
-,-,7.38,9.05
-,-,7.38,9.05
-,-,7.38,9.06
-,-,7.38,9.07
L,10,7.39,9.08
-,-,7.39,9.08
-,-,7.39,9.09
-,-,7.39,9.10
-,-,7.39,9.10
-,-,7.40,9.11
-,-,7.40,9.12
-,-,7.40,9.12
-,-,7.41,9.13
-,-,7.41,9.13
-,-,7.41,9.14
-,-,7.42,9.15
-,-,7.42,9.15
-,-,7.43,9.16
-,-,7.43,9.17
-,-,7.44,9.17
-,-,7.44,9.18
-,-,7.45,9.18
-,-,7.45,9.19
-,-,7.46,9.20
-,-,7.46,9.20
-,-,7.47,9.21
-,-,7.47,9.22
-,-,7.48,9.22
-,-,7.48,9.23
-,-,7.49,9.24
-,-,7.50,9.24
-,-,7.50,9.25
-,-,7.51,9.25
-,-,7.51,9.26
-,-,7.52,9.26
-,-,7.52,9.27
-,-,7.53,9.28
-,-,7.53,9.28
-,-,7.54,9.29
-,-,7.55,9.29
-,-,7.55,9.30
-,-,7.56,9.31
-,-,7.56,9.31
-,-,7.57,9.32
-,-,7.57,9.33
-,-,7.58,9.33
-,-,7.58,9.34
-,-,7.59,9.34
-,-,7.60,9.35
-,-,7.60,9.36
-,-,7.61,9.36
-,-,7.61,9.37
-,-,7.62,9.37
-,-,7.62,9.38
-,-,7.63,9.39
-,-,7.64,9.39
-,-,7.64,9.40
-,-,7.65,9.40
-,-,7.65,9.41
-,-,7.66,9.42
-,-,7.67,9.42
-,-,7.67,9.43
-,-,7.68,9.43
-,-,7.69,9.44
-,-,7.69,9.45
-,-,7.70,9.45
-,-,7.71,9.46
-,-,7.71,9.46
-,-,7.72,9.47
-,-,7.72,9.47
-,-,7.73,9.48
-,-,7.74,9.49
-,-,7.74,9.49
-,-,7.75,9.50
-,-,7.75,9.50
-,-,7.76,9.51
-,-,7.77,9.52
-,-,7.77,9.52
-,-,7.78,9.53
-,-,7.78,9.53
-,-,7.79,9.54
-,-,7.80,9.55
-,-,7.80,9.55
-,-,7.81,9.56
-,-,7.82,9.57
-,-,7.82,9.57
-,-,7.83,9.58
-,-,7.84,9.58
-,-,7.84,9.59
-,-,7.85,9.60
-,-,7.85,9.60
-,-,7.86,9.61
-,-,7.87,9.61
-,-,7.87,9.62
-,-,7.88,9.63
-,-,7.88,9.63
-,-,7.89,9.64
-,-,7.90,9.64
-,-,7.90,9.65
-,-,7.91,9.66
-,-,7.92,9.66
-,-,7.92,9.67
-,-,7.93,9.68
-,-,7.94,9.68
-,-,7.94,9.69
-,-,7.95,9.69
-,-,7.95,9.70
-,-,7.96,9.71
-,-,7.97,9.71
-,-,7.97,9.72
-,-,7.98,9.73
-,-,7.99,9.73
-,-,7.99,9.74
-,-,8.00,9.75
-,-,8.01,9.75
-,-,8.01,9.76
-,-,8.02,9.76
-,-,8.03,9.77
-,-,8.03,9.78
-,-,8.04,9.78
-,-,8.04,9.79
-,-,8.05,9.79
-,-,8.06,9.80
-,-,8.06,9.81
-,-,8.07,9.81
-,-,8.07,9.82
-,-,8.08,9.82
-,-,8.08,9.83
-,-,8.09,9.84
-,-,8.10,9.84
-,-,8.10,9.85
-,-,8.11,9.85
-,-,8.11,9.86
-,-,8.12,9.86
-,-,8.12,9.87
-,-,8.13,9.87
-,-,8.14,9.88
-,-,8.14,9.88
-,-,8.15,9.89
-,-,8.15,9.89
-,-,8.16,9.90
-,-,8.16,9.90
-,-,8.17,9.91
-,-,8.18,9.91
-,-,8.18,9.92
-,-,8.19,9.92
-,-,8.19,9.93
-,-,8.20,9.94
-,-,8.20,9.94
-,-,8.21,9.95
-,-,8.21,9.95
-,-,8.22,9.96
-,-,8.23,9.96
-,-,8.23,9.97
-,-,8.24,9.98
-,-,8.24,9.98
-,-,8.25,9.99
-,-,8.25,9.99
-,-,8.26,10.00
-,-,8.26,10.00
-,-,8.27,10.01
-,-,8.27,10.02
-,-,8.28,10.02
-,-,8.28,10.03
-,-,8.29,10.03
-,-,8.30,10.04
-,-,8.30,10.04
-,-,8.31,10.05
-,-,8.31,10.05
-,-,8.32,10.06
-,-,8.32,10.06
-,-,8.33,10.07
-,-,8.33,10.07
-,-,8.34,10.08
-,-,8.34,10.08
-,-,8.35,10.09
-,-,8.35,10.09
-,-,8.36,10.10
-,-,8.36,10.11
-,-,8.37,10.11
-,-,8.37,10.12
-,-,8.38,10.12
-,-,8.38,10.13
-,-,8.39,10.13
-,-,8.39,10.14
-,-,8.40,10.14
-,-,8.40,10.15
-,-,8.41,10.15
-,-,8.41,10.16
-,-,8.42,10.16
-,-,8.42,10.17
-,-,8.42,10.17
-,-,8.43,10.18
-,-,8.43,10.18
-,-,8.44,10.19
-,-,8.44,10.19
-,-,8.45,10.20
-,-,8.45,10.20
-,-,8.46,10.20
-,-,8.46,10.21
-,-,8.47,10.21
-,-,8.47,10.22
-,-,8.48,10.22
-,-,8.48,10.23
-,-,8.49,10.23
-,-,8.49,10.24
-,-,8.50,10.24
-,-,8.50,10.25
-,-,8.51,10.25
-,-,8.51,10.26
-,-,8.52,10.26
-,-,8.53,10.27
-,-,8.53,10.27
-,-,8.54,10.28
-,-,8.54,10.28
-,-,8.55,10.29
-,-,8.55,10.29
-,-,8.56,10.30
-,-,8.56,10.30
-,-,8.57,10.31
-,-,8.57,10.31
-,-,8.58,10.32
-,-,8.58,10.32
-,-,8.59,10.33
-,-,8.60,10.34
-,-,8.60,10.34
-,-,8.61,10.35
-,-,8.61,10.35
-,-,8.62,10.36
-,-,8.62,10.36
-,-,8.63,10.37
-,-,8.63,10.37
-,-,8.64,10.38
-,-,8.65,10.38
-,-,8.65,10.39
-,-,8.66,10.39
-,-,8.66,10.40
-,-,8.67,10.41
-,-,8.67,10.41
-,-,8.68,10.42
-,-,8.69,10.42
-,-,8.69,10.43
-,-,8.70,10.44
-,-,8.70,10.44
-,-,8.71,10.45
-,-,8.72,10.46
-,-,8.72,10.46
-,-,8.73,10.47
-,-,8.73,10.47
-,-,8.74,10.48
-,-,8.75,10.48
-,-,8.75,10.49
-,-,8.76,10.50
-,-,8.77,10.50
-,-,8.77,10.51
-,-,8.78,10.52
-,-,8.79,10.52
-,-,8.79,10.53
-,-,8.80,10.54
-,-,8.80,10.54
-,-,8.81,10.55
-,-,8.82,10.55
-,-,8.82,10.56
-,-,8.83,10.57
-,-,8.84,10.57
-,-,8.84,10.58
-,-,8.85,10.58
-,-,8.85,10.59
-,-,8.86,10.59
-,-,8.87,10.60
-,-,8.87,10.60
-,-,8.88,10.61
-,-,8.88,10.62
-,-,8.89,10.62
-,-,8.90,10.63
-,-,8.90,10.64
-,-,8.91,10.64
-,-,8.91,10.65
-,-,8.92,10.65
-,-,8.92,10.66
-,-,8.93,10.67
-,-,8.94,10.67
-,-,8.94,10.68
-,-,8.95,10.68
-,-,8.96,10.69
-,-,8.96,10.70
-,-,8.97,10.70
-,-,8.98,10.71
-,-,8.98,10.72
-,-,8.99,10.72
-,-,8.99,10.73
-,-,9.00,10.74
-,-,9.00,10.75
L,11,9.01,10.75
-,-,9.01,10.76
-,-,9.01,10.77
-,-,9.02,10.77
-,-,9.02,10.78
-,-,9.02,10.79
-,-,9.02,10.80
-,-,9.03,10.80
-,-,9.03,10.81
-,-,9.03,10.82
-,-,9.03,10.82
-,-,9.04,10.83
-,-,9.04,10.84
-,-,9.04,10.85
-,-,9.04,10.85
-,-,9.04,10.86
-,-,9.05,10.87
-,-,9.05,10.87
-,-,9.05,10.88
-,-,9.06,10.89
-,-,9.06,10.89
-,-,9.06,10.90
-,-,9.06,10.91
-,-,9.06,10.91
-,-,9.06,10.92
-,-,9.06,10.93
-,-,9.07,10.93
-,-,9.07,10.94
-,-,9.07,10.95
-,-,9.07,10.96
-,-,9.07,10.96
-,-,9.07,10.97
-,-,9.07,10.98
-,-,9.08,10.98
-,-,9.08,10.99
-,-,9.08,11.00
-,-,9.08,11.00
-,-,9.08,11.01
-,-,9.09,11.02
-,-,9.09,11.03
-,-,9.09,11.03
-,-,9.09,11.04
L,12,9.10,11.05
-,-,9.10,11.05
-,-,9.10,11.06
-,-,9.10,11.07
-,-,9.10,11.07
-,-,9.11,11.08
-,-,9.11,11.09
-,-,9.11,11.09
-,-,9.11,11.10
-,-,9.12,11.11
-,-,9.12,11.11
-,-,9.12,11.12
-,-,9.12,11.13
-,-,9.12,11.13
-,-,9.13,11.14
-,-,9.13,11.14
-,-,9.13,11.15
-,-,9.13,11.16
-,-,9.13,11.16
-,-,9.13,11.17
-,-,9.13,11.18
-,-,9.14,11.18
-,-,9.14,11.19
-,-,9.14,11.20
-,-,9.14,11.20
-,-,9.14,11.21
-,-,9.14,11.22
-,-,9.15,11.22
-,-,9.15,11.23
-,-,9.15,11.23
-,-,9.15,11.24
-,-,9.15,11.25
-,-,9.16,11.25
-,-,9.16,11.26
-,-,9.16,11.26
-,-,9.16,11.27
-,-,9.17,11.28
-,-,9.17,11.28
-,-,9.18,11.29
-,-,9.18,11.29
-,-,9.19,11.30
-,-,9.19,11.31
-,-,9.20,11.31
-,-,9.20,11.32
-,-,9.21,11.32
-,-,9.21,11.33
-,-,9.22,11.33
-,-,9.23,11.34
-,-,9.23,11.34
-,-,9.24,11.35
-,-,9.24,11.36
-,-,9.25,11.36
-,-,9.26,11.37
-,-,9.26,11.37
-,-,9.27,11.38
-,-,9.28,11.38
-,-,9.28,11.39
-,-,9.29,11.40
-,-,9.30,11.40
-,-,9.30,11.41
-,-,9.31,11.41
-,-,9.31,11.42
-,-,9.32,11.43
-,-,9.33,11.43
-,-,9.33,11.44
-,-,9.34,11.44
-,-,9.34,11.45
-,-,9.35,11.46
-,-,9.36,11.46
-,-,9.36,11.47
-,-,9.37,11.47
-,-,9.38,11.48
-,-,9.38,11.48
-,-,9.39,11.49
-,-,9.39,11.49
-,-,9.40,11.50
-,-,9.40,11.50
-,-,9.41,11.51
R,6,9.41,11.52
-,-,9.42,11.52
-,-,9.43,11.53
-,-,9.43,11.53
-,-,9.44,11.54
-,-,9.44,11.54
-,-,9.45,11.55
-,-,9.45,11.56
-,-,9.46,11.56
-,-,9.47,11.57
-,-,9.47,11.57
-,-,9.48,11.58
-,-,9.48,11.58
-,-,9.49,11.59
-,-,9.49,11.59
-,-,9.50,11.60
-,-,9.50,11.60
-,-,9.51,11.61
-,-,9.52,11.61
-,-,9.52,11.62
-,-,9.53,11.63
-,-,9.53,11.63
-,-,9.54,11.64
-,-,9.54,11.65
-,-,9.55,11.65
-,-,9.56,11.66
-,-,9.56,11.66
-,-,9.57,11.67
-,-,9.57,11.68
-,-,9.58,11.68
-,-,9.58,11.69
-,-,9.59,11.69
-,-,9.60,11.70
-,-,9.60,11.71
-,-,9.61,11.71
-,-,9.61,11.72
-,-,9.62,11.72
-,-,9.63,11.73
-,-,9.63,11.74
-,-,9.64,11.74
-,-,9.64,11.75
-,-,9.65,11.76
-,-,9.66,11.76
-,-,9.66,11.77
-,-,9.67,11.78
-,-,9.67,11.78
-,-,9.68,11.79
-,-,9.69,11.79
-,-,9.69,11.80
-,-,9.70,11.81
-,-,9.71,11.81
-,-,9.71,11.82
-,-,9.72,11.82
-,-,9.73,11.83
-,-,9.74,11.84
-,-,9.74,11.84
-,-,9.75,11.85
-,-,9.76,11.86
-,-,9.76,11.86
-,-,9.77,11.87
-,-,9.78,11.88
-,-,9.78,11.88
-,-,9.79,11.89
-,-,9.80,11.89
-,-,9.80,11.90
-,-,9.81,11.91
-,-,9.81,11.91
-,-,9.82,11.92
-,-,9.83,11.93
-,-,9.83,11.93
-,-,9.84,11.94
-,-,9.85,11.95
-,-,9.85,11.95
-,-,9.86,11.96
-,-,9.86,11.96
-,-,9.87,11.97
-,-,9.88,11.98
-,-,9.88,11.98
-,-,9.89,11.99
-,-,9.90,11.99
-,-,9.90,12.00
-,-,9.91,12.01
-,-,9.91,12.01
-,-,9.92,12.02
-,-,9.93,12.02
-,-,9.93,12.03
-,-,9.94,12.04
-,-,9.94,12.04
-,-,9.95,12.05
-,-,9.95,12.05
-,-,9.96,12.06
-,-,9.97,12.06
-,-,9.97,12.07
-,-,9.98,12.07
-,-,9.98,12.08
-,-,9.99,12.09
-,-,10.00,12.09
-,-,10.00,12.10
-,-,10.01,12.10
-,-,10.02,12.11
-,-,10.02,12.12
-,-,10.03,12.12
-,-,10.03,12.13
-,-,10.04,12.14
-,-,10.05,12.14
-,-,10.05,12.15
-,-,10.06,12.15
-,-,10.06,12.16
-,-,10.07,12.16
-,-,10.08,12.17
-,-,10.08,12.17
-,-,10.09,12.18
-,-,10.09,12.19
-,-,10.10,12.19
-,-,10.10,12.20
-,-,10.11,12.20
-,-,10.11,12.21
-,-,10.12,12.21
-,-,10.13,12.22
-,-,10.13,12.23
-,-,10.14,12.23
-,-,10.14,12.24
-,-,10.15,12.24
-,-,10.15,12.25
-,-,10.16,12.26
-,-,10.16,12.26
-,-,10.17,12.27
-,-,10.18,12.27
-,-,10.18,12.28
-,-,10.19,12.28
-,-,10.19,12.29
-,-,10.20,12.29
-,-,10.20,12.30
-,-,10.21,12.31
-,-,10.21,12.31
-,-,10.22,12.32
-,-,10.22,12.32
-,-,10.23,12.33
-,-,10.24,12.34
-,-,10.24,12.34
-,-,10.25,12.35
-,-,10.26,12.35
-,-,10.26,12.36
-,-,10.27,12.36
-,-,10.27,12.37
-,-,10.28,12.38
-,-,10.29,12.38
-,-,10.29,12.39
-,-,10.30,12.39
-,-,10.31,12.40
-,-,10.31,12.41
-,-,10.32,12.41
-,-,10.32,12.42
-,-,10.33,12.42
-,-,10.34,12.43
-,-,10.34,12.44
R,7,10.35,12.44
-,-,10.36,12.45
-,-,10.36,12.46
-,-,10.37,12.46
-,-,10.37,12.47
-,-,10.38,12.47
-,-,10.39,12.48
-,-,10.39,12.49
-,-,10.40,12.49
-,-,10.40,12.50
-,-,10.41,12.50
-,-,10.42,12.51
-,-,10.42,12.52
-,-,10.43,12.52
-,-,10.44,12.53
-,-,10.44,12.53
-,-,10.45,12.54
-,-,10.45,12.55
-,-,10.46,12.55
-,-,10.47,12.56
-,-,10.47,12.56
-,-,10.48,12.57
-,-,10.48,12.58
-,-,10.49,12.58
-,-,10.50,12.59
-,-,10.50,12.59
-,-,10.51,12.60
-,-,10.51,12.61
-,-,10.52,12.61
-,-,10.53,12.62
-,-,10.53,12.62
-,-,10.54,12.63
-,-,10.54,12.63
-,-,10.55,12.64
-,-,10.55,12.65
-,-,10.56,12.65
-,-,10.57,12.66
-,-,10.57,12.66
-,-,10.58,12.67
-,-,10.58,12.67
-,-,10.59,12.68
-,-,10.60,12.69
-,-,10.60,12.69
-,-,10.61,12.70
-,-,10.61,12.70
-,-,10.62,12.71
-,-,10.63,12.71
-,-,10.63,12.72
-,-,10.64,12.73
-,-,10.64,12.73
-,-,10.65,12.74
-,-,10.66,12.74
-,-,10.66,12.75
-,-,10.67,12.75
-,-,10.67,12.76
-,-,10.68,12.77
-,-,10.69,12.77
-,-,10.69,12.78
-,-,10.70,12.78
-,-,10.70,12.79
-,-,10.71,12.79
-,-,10.71,12.80
L,13,10.72,12.80
-,-,10.72,12.81
-,-,10.72,12.82
-,-,10.73,12.82
-,-,10.73,12.83
-,-,10.74,12.84
-,-,10.74,12.84
-,-,10.74,12.85
-,-,10.75,12.86
-,-,10.75,12.86
-,-,10.75,12.87
-,-,10.75,12.88
-,-,10.76,12.88
-,-,10.76,12.89
-,-,10.76,12.90
-,-,10.76,12.90
-,-,10.77,12.91
-,-,10.77,12.92
-,-,10.77,12.92
-,-,10.77,12.93
-,-,10.77,12.94
-,-,10.78,12.94
-,-,10.78,12.95
-,-,10.78,12.96
-,-,10.78,12.96
-,-,10.78,12.97
-,-,10.79,12.98
-,-,10.79,12.98
-,-,10.79,12.99
-,-,10.79,13.00
-,-,10.79,13.00
-,-,10.80,13.01
-,-,10.80,13.02
-,-,10.80,13.02
-,-,10.80,13.03
-,-,10.81,13.04
-,-,10.81,13.04
-,-,10.81,13.05
-,-,10.81,13.05
-,-,10.81,13.06
-,-,10.82,13.07
-,-,10.82,13.07
-,-,10.82,13.08
-,-,10.82,13.09
-,-,10.82,13.09
-,-,10.82,13.10
-,-,10.82,13.11
-,-,10.83,13.11
-,-,10.83,13.12
-,-,10.83,13.12
-,-,10.83,13.13
-,-,10.83,13.14
-,-,10.83,13.14
-,-,10.84,13.15
-,-,10.84,13.16
-,-,10.84,13.16
-,-,10.84,13.17
-,-,10.84,13.18
-,-,10.84,13.18
-,-,10.84,13.19
-,-,10.84,13.20
-,-,10.84,13.20
-,-,10.84,13.21
-,-,10.84,13.22
-,-,10.84,13.23
-,-,10.84,13.23
-,-,10.84,13.24
-,-,10.85,13.25
L,14,10.85,13.25
-,-,10.85,13.26
-,-,10.85,13.27
-,-,10.85,13.27
-,-,10.86,13.28
-,-,10.86,13.29
-,-,10.86,13.29
-,-,10.87,13.30
-,-,10.87,13.30
-,-,10.87,13.31
-,-,10.88,13.32
-,-,10.88,13.32
-,-,10.89,13.33
-,-,10.89,13.33
-,-,10.90,13.34
-,-,10.90,13.34
-,-,10.91,13.35
-,-,10.91,13.36
-,-,10.92,13.36
-,-,10.92,13.37
-,-,10.93,13.37
-,-,10.93,13.38
-,-,10.94,13.38
-,-,10.94,13.39
-,-,10.95,13.39
-,-,10.95,13.40
-,-,10.96,13.41
-,-,10.96,13.41
-,-,10.97,13.42
-,-,10.97,13.42
-,-,10.98,13.43
-,-,10.99,13.44
-,-,10.99,13.44
-,-,11.00,13.45
-,-,11.00,13.45
-,-,11.01,13.46
-,-,11.01,13.46
-,-,11.02,13.47
-,-,11.03,13.48
-,-,11.03,13.48
-,-,11.04,13.49
-,-,11.04,13.49
-,-,11.05,13.50
-,-,11.06,13.50
-,-,11.06,13.51
-,-,11.07,13.52
-,-,11.07,13.52
-,-,11.08,13.53
-,-,11.09,13.54
-,-,11.09,13.54
-,-,11.10,13.55
-,-,11.10,13.55
-,-,11.11,13.56
-,-,11.12,13.57
-,-,11.12,13.57
-,-,11.13,13.58
-,-,11.14,13.59
-,-,11.14,13.59
-,-,11.15,13.60
-,-,11.16,13.60
-,-,11.16,13.61
-,-,11.17,13.62
-,-,11.18,13.62
-,-,11.18,13.63
-,-,11.19,13.63
-,-,11.19,13.64
-,-,11.20,13.65
-,-,11.21,13.65
-,-,11.21,13.66
-,-,11.22,13.67
-,-,11.22,13.67
-,-,11.23,13.68
-,-,11.24,13.68
-,-,11.24,13.69
-,-,11.25,13.70
-,-,11.26,13.70
-,-,11.26,13.71
-,-,11.27,13.72
-,-,11.28,13.72
-,-,11.28,13.73
-,-,11.29,13.73
-,-,11.29,13.74
-,-,11.30,13.75
-,-,11.31,13.75
-,-,11.31,13.76
-,-,11.32,13.76
-,-,11.32,13.77
-,-,11.33,13.77
-,-,11.34,13.78
-,-,11.34,13.79
-,-,11.35,13.79
-,-,11.35,13.80
-,-,11.36,13.80
-,-,11.37,13.81
-,-,11.37,13.81
-,-,11.38,13.82
-,-,11.38,13.83
-,-,11.39,13.83
-,-,11.40,13.84
-,-,11.40,13.85
-,-,11.41,13.85
-,-,11.41,13.86
-,-,11.42,13.87
-,-,11.43,13.87
-,-,11.43,13.88
-,-,11.44,13.88
-,-,11.45,13.89
-,-,11.45,13.90
-,-,11.46,13.90
-,-,11.47,13.91
-,-,11.47,13.92
-,-,11.48,13.92
-,-,11.49,13.93
-,-,11.49,13.93
-,-,11.50,13.94
-,-,11.51,13.95
-,-,11.51,13.95
-,-,11.52,13.96
-,-,11.52,13.97
-,-,11.53,13.97
-,-,11.53,13.98
-,-,11.54,13.98
-,-,11.55,13.99
-,-,11.55,14.00
-,-,11.56,14.00
-,-,11.56,14.01
-,-,11.57,14.01
-,-,11.57,14.02
-,-,11.58,14.02
-,-,11.59,14.03
-,-,11.59,14.03
-,-,11.60,14.04
-,-,11.60,14.04
-,-,11.61,14.05
-,-,11.62,14.06
-,-,11.62,14.06
-,-,11.63,14.07
-,-,11.63,14.07
-,-,11.64,14.08
-,-,11.64,14.08
-,-,11.65,14.09
-,-,11.66,14.09
-,-,11.66,14.10
-,-,11.67,14.11
-,-,11.67,14.11
-,-,11.68,14.12
-,-,11.69,14.12
-,-,11.69,14.13
-,-,11.70,14.13
-,-,11.70,14.14
-,-,11.71,14.15
-,-,11.71,14.15
-,-,11.72,14.16
-,-,11.72,14.16
-,-,11.73,14.17
-,-,11.73,14.18
-,-,11.74,14.18
-,-,11.75,14.19
-,-,11.75,14.19
-,-,11.76,14.20
-,-,11.76,14.20
-,-,11.77,14.21
-,-,11.77,14.21
-,-,11.78,14.22
-,-,11.78,14.22
-,-,11.79,14.23
-,-,11.79,14.23
-,-,11.80,14.24
-,-,11.80,14.24
-,-,11.81,14.25
-,-,11.81,14.25
-,-,11.82,14.26
-,-,11.82,14.26
-,-,11.83,14.27
-,-,11.83,14.27
-,-,11.84,14.28
-,-,11.84,14.28
-,-,11.85,14.29
-,-,11.85,14.29
-,-,11.86,14.30
-,-,11.86,14.30
-,-,11.87,14.31
-,-,11.87,14.31
-,-,11.88,14.32
-,-,11.88,14.32
-,-,11.89,14.33
-,-,11.89,14.33
-,-,11.89,14.34
-,-,11.90,14.35
-,-,11.90,14.35
-,-,11.91,14.36
-,-,11.91,14.36
-,-,11.92,14.37
-,-,11.92,14.37
-,-,11.93,14.38
-,-,11.93,14.38
-,-,11.94,14.39
-,-,11.94,14.39
-,-,11.95,14.40
-,-,11.96,14.40
-,-,11.96,14.40
-,-,11.97,14.41
-,-,11.97,14.41
-,-,11.98,14.42
-,-,11.98,14.42
-,-,11.99,14.43
-,-,11.99,14.43
-,-,12.00,14.44
-,-,12.00,14.45
-,-,12.01,14.45
-,-,12.02,14.46
-,-,12.02,14.46
-,-,12.03,14.47
-,-,12.03,14.47
-,-,12.04,14.48
-,-,12.04,14.48
-,-,12.05,14.49
-,-,12.05,14.49
-,-,12.06,14.50
-,-,12.06,14.50
-,-,12.07,14.51
-,-,12.08,14.51
-,-,12.08,14.52
-,-,12.09,14.53
-,-,12.09,14.53
-,-,12.10,14.54
-,-,12.10,14.54
-,-,12.11,14.55
-,-,12.12,14.55
-,-,12.12,14.56
-,-,12.13,14.57
-,-,12.13,14.57
-,-,12.14,14.58
-,-,12.15,14.58
-,-,12.15,14.59
-,-,12.16,14.60
-,-,12.16,14.60
-,-,12.17,14.61
-,-,12.18,14.61
-,-,12.18,14.62
-,-,12.19,14.62
-,-,12.19,14.63
-,-,12.20,14.64
-,-,12.21,14.64
-,-,12.21,14.65
-,-,12.22,14.66
-,-,12.22,14.66
-,-,12.23,14.67
-,-,12.24,14.67
-,-,12.24,14.68
-,-,12.25,14.69
-,-,12.26,14.69
-,-,12.26,14.70
-,-,12.27,14.71
-,-,12.27,14.71
-,-,12.28,14.72
-,-,12.29,14.72
-,-,12.29,14.73
-,-,12.30,14.74
-,-,12.31,14.74
-,-,12.31,14.75
-,-,12.32,14.75
-,-,12.33,14.76
-,-,12.33,14.77
-,-,12.34,14.77
-,-,12.34,14.78
-,-,12.35,14.78
-,-,12.36,14.79
-,-,12.36,14.80
-,-,12.37,14.80
-,-,12.37,14.81
-,-,12.38,14.81
-,-,12.38,14.82
-,-,12.39,14.82
-,-,12.40,14.83
-,-,12.40,14.84
-,-,12.41,14.84
-,-,12.42,14.85
-,-,12.42,14.86
-,-,12.43,14.86
-,-,12.43,14.87
-,-,12.44,14.88
-,-,12.45,14.88
-,-,12.45,14.89
-,-,12.46,14.90
-,-,12.46,14.90
L,15,12.47,14.91
-,-,12.47,14.92
-,-,12.48,14.93
-,-,12.48,14.93
-,-,12.48,14.94
-,-,12.48,14.95
-,-,12.49,14.95
-,-,12.49,14.96
-,-,12.49,14.97
-,-,12.49,14.98
-,-,12.50,14.98
-,-,12.50,14.99
-,-,12.50,15.00
-,-,12.50,15.00
-,-,12.51,15.01
-,-,12.51,15.02
-,-,12.51,15.02
-,-,12.51,15.03
-,-,12.51,15.04
-,-,12.51,15.04
-,-,12.52,15.05
-,-,12.52,15.06
-,-,12.52,15.07
-,-,12.52,15.07
-,-,12.52,15.08
-,-,12.52,15.09
-,-,12.52,15.10
-,-,12.52,15.10
-,-,12.53,15.11
-,-,12.53,15.12
-,-,12.53,15.13
-,-,12.53,15.13
-,-,12.53,15.14
-,-,12.54,15.15
-,-,12.54,15.15
-,-,12.54,15.16
-,-,12.55,15.17
-,-,12.55,15.18
-,-,12.55,15.18
-,-,12.55,15.19
-,-,12.56,15.20
L,16,12.56,15.20
-,-,12.56,15.21
-,-,12.56,15.22
-,-,12.57,15.22
-,-,12.57,15.23
-,-,12.57,15.24
-,-,12.57,15.24
-,-,12.58,15.25
-,-,12.58,15.26
-,-,12.58,15.26
-,-,12.58,15.27
-,-,12.58,15.28
-,-,12.59,15.28
-,-,12.59,15.29
-,-,12.59,15.30
-,-,12.59,15.30
-,-,12.59,15.31
-,-,12.59,15.32
-,-,12.59,15.32
-,-,12.59,15.33
-,-,12.59,15.34
-,-,12.59,15.34
-,-,12.60,15.35
-,-,12.60,15.36
-,-,12.60,15.36
-,-,12.60,15.37
-,-,12.60,15.38
-,-,12.60,15.39
-,-,12.60,15.39
-,-,12.61,15.40
-,-,12.61,15.40
-,-,12.61,15.41
-,-,12.61,15.42
-,-,12.62,15.42
-,-,12.62,15.43
-,-,12.63,15.44
-,-,12.63,15.44
-,-,12.64,15.45
-,-,12.64,15.45
-,-,12.65,15.46
-,-,12.66,15.46
-,-,12.66,15.47
-,-,12.67,15.48
-,-,12.68,15.48
-,-,12.68,15.49
-,-,12.69,15.49
-,-,12.69,15.50
-,-,12.70,15.50
-,-,12.71,15.51
-,-,12.71,15.51
-,-,12.72,15.52
-,-,12.73,15.52
-,-,12.73,15.53
-,-,12.74,15.54
-,-,12.74,15.54
-,-,12.75,15.55
-,-,12.76,15.56
-,-,12.76,15.56
-,-,12.77,15.57
-,-,12.78,15.57
-,-,12.78,15.58
-,-,12.79,15.59
-,-,12.79,15.59
-,-,12.80,15.60
-,-,12.81,15.61
-,-,12.81,15.61
-,-,12.82,15.62
-,-,12.82,15.62
-,-,12.83,15.63
-,-,12.83,15.63
-,-,12.84,15.64
-,-,12.84,15.64
-,-,12.85,15.65
-,-,12.85,15.66
-,-,12.86,15.66
-,-,12.86,15.67
-,-,12.87,15.67
R,8,12.88,15.68
-,-,12.88,15.68
-,-,12.89,15.69
-,-,12.89,15.69
-,-,12.90,15.70
-,-,12.90,15.70
-,-,12.91,15.71
-,-,12.91,15.71
-,-,12.92,15.72
-,-,12.93,15.73
-,-,12.93,15.73
-,-,12.94,15.74
-,-,12.94,15.74
-,-,12.95,15.75
-,-,12.95,15.75
-,-,12.96,15.76
-,-,12.97,15.76
-,-,12.97,15.77
-,-,12.98,15.78
-,-,12.98,15.78
-,-,12.99,15.79
-,-,12.99,15.79
-,-,13.00,15.80
-,-,13.01,15.81
-,-,13.01,15.81
-,-,13.02,15.82
-,-,13.02,15.82
-,-,13.03,15.83
-,-,13.04,15.84
-,-,13.04,15.84
-,-,13.05,15.85
-,-,13.05,15.85
-,-,13.06,15.86
-,-,13.07,15.87
-,-,13.07,15.87
-,-,13.08,15.88
-,-,13.08,15.89
-,-,13.09,15.89
-,-,13.10,15.90
-,-,13.10,15.90
-,-,13.11,15.91
-,-,13.11,15.92
-,-,13.12,15.92
-,-,13.13,15.93
-,-,13.13,15.93
-,-,13.14,15.94
-,-,13.14,15.95
-,-,13.15,15.95
-,-,13.16,15.96
-,-,13.16,15.97
-,-,13.17,15.97
-,-,13.18,15.98
-,-,13.18,15.98
-,-,13.19,15.99
-,-,13.20,16.00
-,-,13.20,16.00
-,-,13.21,16.01
-,-,13.22,16.02
-,-,13.22,16.02
-,-,13.23,16.03
-,-,13.24,16.03
-,-,13.24,16.04
-,-,13.25,16.05
-,-,13.26,16.05
-,-,13.26,16.06
-,-,13.27,16.07
-,-,13.28,16.07
-,-,13.28,16.08
-,-,13.29,16.09
-,-,13.30,16.09
-,-,13.30,16.10
-,-,13.31,16.11
-,-,13.32,16.11
-,-,13.32,16.12
-,-,13.33,16.13
-,-,13.34,16.13
-,-,13.34,16.14
-,-,13.35,16.15
-,-,13.36,16.15
-,-,13.36,16.16
-,-,13.37,16.16
-,-,13.37,16.17
-,-,13.38,16.18
-,-,13.39,16.18
-,-,13.39,16.19
-,-,13.40,16.19
-,-,13.40,16.20
-,-,13.41,16.21
-,-,13.42,16.21
-,-,13.42,16.22
-,-,13.43,16.22
-,-,13.43,16.23
-,-,13.44,16.23
-,-,13.45,16.24
-,-,13.45,16.25
-,-,13.46,16.25
-,-,13.46,16.26
-,-,13.47,16.26
-,-,13.48,16.27
-,-,13.48,16.28
-,-,13.49,16.28
-,-,13.50,16.29
-,-,13.50,16.30
-,-,13.51,16.30
-,-,13.51,16.31
-,-,13.52,16.31
-,-,13.53,16.32
-,-,13.53,16.32
-,-,13.54,16.33
-,-,13.54,16.34
-,-,13.55,16.34
-,-,13.56,16.35
-,-,13.56,16.35
-,-,13.57,16.36
-,-,13.57,16.37
-,-,13.58,16.37
-,-,13.59,16.38
-,-,13.59,16.39
-,-,13.60,16.39
-,-,13.60,16.40
-,-,13.61,16.40
-,-,13.61,16.41
-,-,13.62,16.42
-,-,13.63,16.42
-,-,13.63,16.43
-,-,13.64,16.43
-,-,13.64,16.44
-,-,13.65,16.44
-,-,13.65,16.45
-,-,13.66,16.45
-,-,13.66,16.46
-,-,13.67,16.47
-,-,13.68,16.47
-,-,13.68,16.48
-,-,13.69,16.48
-,-,13.69,16.49
-,-,13.70,16.49
-,-,13.71,16.50
-,-,13.71,16.51
-,-,13.72,16.51
-,-,13.72,16.52
-,-,13.73,16.52
-,-,13.74,16.53
-,-,13.74,16.53
-,-,13.75,16.54
-,-,13.75,16.55
-,-,13.76,16.55
-,-,13.76,16.56
-,-,13.77,16.57
-,-,13.78,16.57
-,-,13.78,16.58
-,-,13.79,16.58
-,-,13.80,16.59
-,-,13.80,16.60
-,-,13.81,16.60
R,9,13.81,16.61
-,-,13.82,16.61
-,-,13.83,16.62
-,-,13.83,16.63
-,-,13.84,16.63
-,-,13.84,16.64
-,-,13.85,16.64
-,-,13.85,16.65
-,-,13.86,16.65
-,-,13.86,16.66
-,-,13.87,16.67
-,-,13.88,16.67
-,-,13.88,16.68
-,-,13.89,16.68
-,-,13.89,16.69
-,-,13.90,16.70
-,-,13.91,16.70
-,-,13.91,16.71
-,-,13.92,16.71
-,-,13.93,16.72
-,-,13.93,16.73
-,-,13.94,16.73
-,-,13.95,16.74
-,-,13.95,16.75
-,-,13.96,16.75
-,-,13.96,16.76
-,-,13.97,16.76
-,-,13.98,16.77
-,-,13.98,16.78
-,-,13.99,16.78
-,-,14.00,16.79
-,-,14.00,16.79
-,-,14.01,16.80
-,-,14.01,16.81
-,-,14.02,16.81
-,-,14.03,16.82
-,-,14.03,16.82
-,-,14.04,16.83
-,-,14.05,16.83
-,-,14.05,16.84
-,-,14.06,16.85
-,-,14.06,16.85
-,-,14.07,16.86
-,-,14.08,16.87
-,-,14.08,16.87
-,-,14.09,16.88
-,-,14.10,16.89
-,-,14.10,16.89
-,-,14.11,16.90
-,-,14.12,16.90
-,-,14.12,16.91
-,-,14.13,16.92
-,-,14.13,16.92
-,-,14.14,16.93
-,-,14.15,16.93
-,-,14.15,16.94
-,-,14.16,16.94
-,-,14.17,16.95
-,-,14.17,16.96
-,-,14.18,16.96
L,17,14.18,16.97
-,-,14.18,16.98
-,-,14.19,16.98
-,-,14.19,16.99
-,-,14.20,16.99
-,-,14.20,17.00
-,-,14.20,17.01
-,-,14.21,17.01
-,-,14.21,17.02
-,-,14.21,17.03
-,-,14.21,17.04
-,-,14.22,17.04
-,-,14.22,17.05
-,-,14.22,17.06
-,-,14.22,17.06
-,-,14.23,17.07
-,-,14.23,17.08
-,-,14.23,17.08
-,-,14.23,17.09
-,-,14.23,17.10
-,-,14.24,17.10
-,-,14.24,17.11
-,-,14.24,17.12
-,-,14.24,17.12
-,-,14.25,17.13
-,-,14.25,17.14
-,-,14.25,17.14
-,-,14.25,17.15
-,-,14.25,17.16
-,-,14.26,17.16
-,-,14.26,17.17
-,-,14.26,17.18
-,-,14.26,17.18
-,-,14.26,17.19
-,-,14.27,17.20
-,-,14.27,17.20
-,-,14.27,17.21
-,-,14.27,17.22
-,-,14.27,17.22
-,-,14.28,17.23
-,-,14.28,17.23
-,-,14.28,17.24
-,-,14.28,17.25
-,-,14.28,17.25
-,-,14.28,17.26
-,-,14.29,17.27
-,-,14.29,17.27
-,-,14.29,17.28
-,-,14.29,17.29
-,-,14.29,17.29
-,-,14.29,17.30
-,-,14.29,17.31
-,-,14.29,17.31
-,-,14.30,17.32
-,-,14.30,17.33
-,-,14.30,17.33
-,-,14.30,17.34
-,-,14.30,17.35
-,-,14.30,17.35
-,-,14.30,17.36
-,-,14.30,17.37
-,-,14.30,17.38
-,-,14.30,17.38
-,-,14.30,17.39
-,-,14.30,17.40
-,-,14.30,17.40
L,18,14.31,17.41
-,-,14.31,17.42
-,-,14.31,17.42
-,-,14.31,17.43
-,-,14.32,17.44
-,-,14.32,17.44
-,-,14.32,17.45
-,-,14.33,17.46
-,-,14.33,17.46
-,-,14.33,17.47
-,-,14.34,17.47
-,-,14.34,17.48
-,-,14.35,17.49
-,-,14.35,17.49
-,-,14.36,17.50
-,-,14.36,17.51
-,-,14.37,17.51
-,-,14.38,17.52
-,-,14.38,17.52
-,-,14.39,17.53
-,-,14.39,17.53
-,-,14.40,17.54
-,-,14.40,17.55
-,-,14.41,17.55
-,-,14.41,17.56
-,-,14.42,17.56
-,-,14.42,17.57
-,-,14.43,17.58
-,-,14.44,17.58
-,-,14.44,17.59
-,-,14.45,17.59
-,-,14.45,17.60
-,-,14.46,17.61
-,-,14.46,17.61
-,-,14.47,17.62
-,-,14.48,17.62
-,-,14.48,17.63
-,-,14.49,17.64
-,-,14.49,17.64
-,-,14.50,17.65
-,-,14.50,17.65
-,-,14.51,17.66
-,-,14.52,17.67
-,-,14.52,17.67
-,-,14.53,17.68
-,-,14.53,17.68
-,-,14.54,17.69
-,-,14.54,17.70
-,-,14.55,17.70
-,-,14.56,17.71
-,-,14.56,17.71
-,-,14.57,17.72
-,-,14.57,17.73
-,-,14.58,17.73
-,-,14.59,17.74
-,-,14.59,17.74
-,-,14.60,17.75
-,-,14.60,17.76
-,-,14.61,17.76
-,-,14.62,17.77
-,-,14.62,17.77
-,-,14.63,17.78
-,-,14.63,17.79
-,-,14.64,17.79
-,-,14.65,17.80
-,-,14.65,17.80
-,-,14.66,17.81
-,-,14.67,17.82
-,-,14.67,17.82
-,-,14.68,17.83
-,-,14.68,17.83
-,-,14.69,17.84
-,-,14.70,17.85
-,-,14.70,17.85
-,-,14.71,17.86
-,-,14.72,17.86
-,-,14.72,17.87
-,-,14.73,17.88
-,-,14.74,17.88
-,-,14.74,17.89
-,-,14.75,17.90
-,-,14.75,17.90
-,-,14.76,17.91
-,-,14.77,17.91
-,-,14.77,17.92
-,-,14.78,17.93
-,-,14.78,17.93
-,-,14.79,17.94
-,-,14.80,17.94
-,-,14.80,17.95
-,-,14.81,17.96
-,-,14.81,17.96
-,-,14.82,17.97
-,-,14.83,17.97
-,-,14.83,17.98
-,-,14.84,17.99
-,-,14.84,17.99
-,-,14.85,18.00
-,-,14.86,18.01
-,-,14.86,18.01
-,-,14.87,18.02
-,-,14.88,18.02
-,-,14.88,18.03
-,-,14.89,18.04
-,-,14.90,18.04
-,-,14.90,18.05
-,-,14.91,18.06
-,-,14.92,18.06
-,-,14.92,18.07
-,-,14.93,18.08
-,-,14.94,18.08
-,-,14.94,18.09
-,-,14.95,18.09
-,-,14.95,18.10
-,-,14.96,18.11
-,-,14.97,18.11
-,-,14.97,18.12
-,-,14.98,18.12
-,-,14.99,18.13
-,-,14.99,18.14
-,-,15.00,18.14
-,-,15.00,18.15
-,-,15.01,18.15
-,-,15.01,18.16
-,-,15.02,18.17
-,-,15.03,18.17
-,-,15.03,18.18
-,-,15.04,18.18
-,-,15.04,18.19
-,-,15.05,18.20
-,-,15.05,18.20
-,-,15.06,18.21
-,-,15.07,18.21
-,-,15.07,18.22
-,-,15.08,18.22
-,-,15.08,18.23
-,-,15.09,18.23
-,-,15.10,18.24
-,-,15.10,18.24
-,-,15.11,18.25
-,-,15.11,18.26
-,-,15.12,18.26
-,-,15.13,18.27
-,-,15.13,18.27
-,-,15.14,18.28
-,-,15.14,18.29
-,-,15.15,18.29
-,-,15.16,18.30
-,-,15.16,18.30
-,-,15.17,18.31
-,-,15.17,18.32
-,-,15.18,18.32
-,-,15.18,18.33
-,-,15.19,18.33
-,-,15.19,18.34
-,-,15.20,18.34
-,-,15.21,18.35
-,-,15.21,18.36
-,-,15.22,18.36
-,-,15.22,18.37
-,-,15.23,18.37
-,-,15.23,18.38
-,-,15.24,18.38
-,-,15.24,18.39
-,-,15.25,18.39
-,-,15.26,18.40
-,-,15.26,18.41
-,-,15.27,18.41
-,-,15.27,18.42
-,-,15.28,18.42
-,-,15.28,18.43
-,-,15.29,18.43
-,-,15.29,18.44
-,-,15.30,18.44
-,-,15.30,18.45
-,-,15.31,18.45
-,-,15.31,18.46
-,-,15.31,18.46
-,-,15.32,18.47
-,-,15.32,18.47
-,-,15.33,18.48
-,-,15.33,18.48
-,-,15.34,18.49
-,-,15.34,18.50
-,-,15.35,18.50
-,-,15.35,18.51
-,-,15.36,18.51
-,-,15.36,18.52
-,-,15.37,18.52
-,-,15.37,18.52
-,-,15.38,18.53
-,-,15.38,18.53
-,-,15.39,18.54
-,-,15.39,18.54
-,-,15.40,18.55
-,-,15.40,18.55
-,-,15.41,18.56
-,-,15.41,18.56
-,-,15.42,18.57
-,-,15.42,18.57
-,-,15.43,18.58
-,-,15.43,18.58
-,-,15.44,18.59
-,-,15.44,18.59
-,-,15.45,18.60
-,-,15.46,18.60
-,-,15.46,18.61
-,-,15.47,18.61
-,-,15.47,18.62
-,-,15.48,18.62
-,-,15.48,18.63
-,-,15.49,18.63
-,-,15.49,18.64
-,-,15.50,18.64
-,-,15.50,18.65
-,-,15.51,18.65
-,-,15.52,18.66
-,-,15.52,18.66
-,-,15.53,18.67
-,-,15.53,18.68
-,-,15.54,18.68
-,-,15.54,18.69
-,-,15.55,18.69
-,-,15.55,18.70
-,-,15.56,18.70
-,-,15.57,18.71
-,-,15.57,18.71
-,-,15.58,18.72
-,-,15.58,18.73
-,-,15.59,18.73
-,-,15.59,18.74
-,-,15.60,18.74
-,-,15.61,18.75
-,-,15.61,18.76
-,-,15.62,18.76
-,-,15.62,18.77
-,-,15.63,18.77
-,-,15.64,18.78
-,-,15.64,18.79
-,-,15.65,18.79
-,-,15.65,18.80
-,-,15.66,18.80
-,-,15.67,18.81
-,-,15.67,18.82
-,-,15.68,18.82
-,-,15.69,18.83
-,-,15.69,18.83
-,-,15.70,18.84
-,-,15.71,18.85
-,-,15.71,18.85
-,-,15.72,18.86
-,-,15.72,18.87
-,-,15.73,18.87
-,-,15.74,18.88
-,-,15.74,18.89
-,-,15.75,18.89
-,-,15.76,18.90
-,-,15.76,18.90
-,-,15.77,18.91
-,-,15.77,18.91
-,-,15.78,18.92
-,-,15.79,18.93
-,-,15.79,18.93
-,-,15.80,18.94
-,-,15.81,18.94
-,-,15.81,18.95
-,-,15.82,18.96
-,-,15.82,18.96
-,-,15.83,18.97
-,-,15.83,18.97
-,-,15.84,18.98
-,-,15.85,18.99
-,-,15.85,18.99
-,-,15.86,19.00
-,-,15.86,19.00
-,-,15.87,19.01
-,-,15.88,19.02
-,-,15.88,19.02
-,-,15.89,19.03
-,-,15.90,19.04
-,-,15.90,19.04
-,-,15.91,19.05
-,-,15.91,19.06
-,-,15.92,19.07
L,19,15.92,19.07
-,-,15.93,19.08
-,-,15.93,19.09
-,-,15.93,19.10
-,-,15.93,19.10
-,-,15.94,19.11
-,-,15.94,19.12
-,-,15.94,19.13
-,-,15.94,19.13
-,-,15.95,19.14
-,-,15.95,19.15
-,-,15.95,19.15
-,-,15.95,19.16
-,-,15.96,19.17
-,-,15.96,19.18
-,-,15.96,19.18
-,-,15.96,19.19
-,-,15.97,19.20
-,-,15.97,19.20
-,-,15.97,19.21
-,-,15.97,19.22
-,-,15.97,19.23
-,-,15.98,19.23
-,-,15.98,19.24
-,-,15.98,19.25
-,-,15.98,19.25
-,-,15.98,19.26
-,-,15.98,19.27
-,-,15.99,19.27
-,-,15.99,19.28
-,-,15.99,19.29
-,-,15.99,19.30
-,-,15.99,19.30
-,-,16.00,19.31
-,-,16.00,19.32
-,-,16.00,19.32
-,-,16.00,19.33
-,-,16.00,19.34
-,-,16.00,19.34
-,-,16.01,19.35
-,-,16.01,19.36
-,-,16.01,19.37
-,-,16.01,19.37
L,20,16.01,19.38
-,-,16.02,19.39
-,-,16.02,19.39
-,-,16.02,19.40
-,-,16.02,19.41
-,-,16.02,19.41
-,-,16.03,19.42
-,-,16.03,19.43
-,-,16.03,19.43
-,-,16.03,19.44
-,-,16.04,19.45
-,-,16.04,19.45
-,-,16.04,19.46
-,-,16.04,19.47
-,-,16.04,19.47
-,-,16.05,19.48
-,-,16.05,19.48
-,-,16.05,19.49
-,-,16.05,19.50
-,-,16.06,19.50
-,-,16.06,19.51
-,-,16.06,19.51
-,-,16.07,19.52
-,-,16.07,19.53
-,-,16.07,19.53
-,-,16.07,19.54
-,-,16.08,19.54
-,-,16.08,19.55
-,-,16.08,19.55
-,-,16.09,19.56
-,-,16.09,19.57
-,-,16.09,19.57
-,-,16.09,19.58
-,-,16.10,19.58
-,-,16.10,19.59
-,-,16.10,19.59
-,-,16.11,19.60
-,-,16.11,19.60
-,-,16.11,19.61
-,-,16.12,19.62
-,-,16.12,19.62
-,-,16.12,19.63
-,-,16.13,19.63
-,-,16.13,19.64
-,-,16.13,19.64
-,-,16.14,19.65
-,-,16.14,19.65
-,-,16.14,19.66
-,-,16.14,19.67
-,-,16.15,19.67
-,-,16.15,19.68
-,-,16.15,19.68
-,-,16.15,19.69
-,-,16.16,19.70
-,-,16.16,19.70
-,-,16.17,19.71
-,-,16.17,19.71
-,-,16.18,19.72
-,-,16.19,19.72
-,-,16.19,19.72
-,-,16.20,19.73
-,-,16.20,19.73
-,-,16.21,19.74
-,-,16.22,19.74
-,-,16.22,19.75
-,-,16.23,19.75
-,-,16.24,19.76
-,-,16.24,19.76
-,-,16.25,19.77
-,-,16.26,19.77
-,-,16.26,19.78
-,-,16.27,19.78
-,-,16.27,19.79
-,-,16.28,19.80
-,-,16.29,19.80
-,-,16.29,19.81
-,-,16.30,19.81
-,-,16.30,19.82
-,-,16.31,19.82
-,-,16.32,19.83
-,-,16.32,19.83
-,-,16.33,19.84
-,-,16.33,19.84
R,10,16.34,19.85
-,-,16.34,19.85
-,-,16.35,19.86
-,-,16.36,19.86
-,-,16.36,19.87
-,-,16.37,19.88
-,-,16.37,19.88
-,-,16.38,19.89
-,-,16.38,19.89
-,-,16.39,19.90
-,-,16.40,19.90
-,-,16.40,19.91
-,-,16.41,19.91
-,-,16.41,19.92
-,-,16.42,19.92
-,-,16.42,19.93
-,-,16.43,19.93
-,-,16.44,19.94
-,-,16.44,19.95
-,-,16.45,19.95
-,-,16.45,19.96
-,-,16.46,19.96
-,-,16.46,19.97
-,-,16.47,19.98
-,-,16.47,19.98
-,-,16.48,19.99
-,-,16.49,20.00
-,-,16.49,20.00
-,-,16.50,20.01
-,-,16.50,20.01
-,-,16.51,20.02
-,-,16.51,20.03
-,-,16.52,20.03
-,-,16.53,20.04
-,-,16.53,20.04
-,-,16.54,20.05
-,-,16.54,20.06
-,-,16.55,20.06
-,-,16.56,20.07
-,-,16.56,20.07
Robot Paused0.00020000 0.00000350 0.30
Time Lap: 37.19167	Track Length: 18.32m	 Medium Speed: 0.49m/s	 
